W0306 13:38:49.933000 13800 site-packages/torch/distributed/run.py:774] 
W0306 13:38:49.933000 13800 site-packages/torch/distributed/run.py:774] *****************************************
W0306 13:38:49.933000 13800 site-packages/torch/distributed/run.py:774] Setting OMP_NUM_THREADS environment variable for each process to be 1 in default, to avoid your system being overloaded, please further tune the variable for optimal performance in your application as needed. 
W0306 13:38:49.933000 13800 site-packages/torch/distributed/run.py:774] *****************************************
INFO:src.run:Loaded config: configs/v4.yaml
INFO:src.utils.distributed:Initialized distributed process group (backend=nccl rank=0 local_rank=0 world_size=4).
2026-03-06 13:39:02 INFO Startup | Rank: 0 | Run Id: 20260306_133901 | Seed: 47 | Stages: ['train', 'evaluate'] | World Size: 4
2026-03-06 13:39:02 INFO Startup | Rank: 0 | Run Id: 20260306_133901 | Seed: 47 | Stages: ['train', 'evaluate'] | World Size: 4
2026-03-06 13:39:02 INFO Startup | Rank: 0 | Run Id: 20260306_133901 | Seed: 47 | Stages: ['train', 'evaluate'] | World Size: 4
2026-03-06 13:39:02 INFO Device | Resolved Device: cuda:0
2026-03-06 13:39:02 INFO Device | Resolved Device: cuda:0
2026-03-06 13:39:02 INFO Device | Resolved Device: cuda:0
WARNING:py.warnings:/public/home/wangar2023/.conda/envs/esm/lib/python3.10/site-packages/torch/distributed/distributed_c10d.py:4807: UserWarning: No device id is provided via `init_process_group` or `barrier `. Using the current device set by the user. 
  warnings.warn(  # warn only once

[rank2]:[W306 13:39:02.777916993 ProcessGroupNCCL.cpp:5023] [PG ID 0 PG GUID 0 Rank 2]  using GPU 2 as device used by this process is currently unknown. This can potentially cause a hang if this rank to GPU mapping is incorrect. You can specify device_id in init_process_group() to force use of a particular device.
[rank1]:[W306 13:39:02.778097531 ProcessGroupNCCL.cpp:5023] [PG ID 0 PG GUID 0 Rank 1]  using GPU 1 as device used by this process is currently unknown. This can potentially cause a hang if this rank to GPU mapping is incorrect. You can specify device_id in init_process_group() to force use of a particular device.
[rank3]:[W306 13:39:02.779338089 ProcessGroupNCCL.cpp:5023] [PG ID 0 PG GUID 0 Rank 3]  using GPU 3 as device used by this process is currently unknown. This can potentially cause a hang if this rank to GPU mapping is incorrect. You can specify device_id in init_process_group() to force use of a particular device.
[rank0]:[W306 13:39:02.779538880 ProcessGroupNCCL.cpp:5023] [PG ID 0 PG GUID 0 Rank 0]  using GPU 0 as device used by this process is currently unknown. This can potentially cause a hang if this rank to GPU mapping is incorrect. You can specify device_id in init_process_group() to force use of a particular device.
2026-03-06 13:44:18 INFO Data Ready | Test: 54126 | Train: 97555 | Valid: 24389
2026-03-06 13:44:18 INFO Data Ready | Test: 54126 | Train: 97555 | Valid: 24389
2026-03-06 13:44:18 INFO Data Ready | Test: 54126 | Train: 97555 | Valid: 24389
2026-03-06 13:44:18 INFO Model Init | Model: v4 | Params: 7904833
2026-03-06 13:44:35 INFO DDP Ready | Wrapped: True
2026-03-06 13:44:35 INFO DDP Ready | Wrapped: True
2026-03-06 13:44:35 INFO DDP Ready | Wrapped: True
2026-03-06 13:44:35 INFO Begin Training
2026-03-06 13:44:35 INFO Stage Start | Run Id: 20260306_133901
2026-03-06 13:44:35 INFO Train Config | Epochs: 50 | Monitor: auprc | Patience: 10
2026-03-06 13:44:35 INFO Epoch Start | Epoch: 1
WARNING:py.warnings:/public/home/wangar2023/.conda/envs/esm/lib/python3.10/site-packages/torch/optim/lr_scheduler.py:192: UserWarning: Detected call of `lr_scheduler.step()` before `optimizer.step()`. In PyTorch 1.1.0 and later, you should call them in the opposite order: `optimizer.step()` before `lr_scheduler.step()`.  Failure to do this will result in PyTorch skipping the first value of the learning rate schedule. See more details at https://pytorch.org/docs/stable/optim.html#how-to-adjust-learning-rate
  warnings.warn(

2026-03-06 13:44:40 INFO Epoch 1 | Step 1/812 | Loss 0.9723 | LR 4.0000e-06
2026-03-06 13:44:50 INFO Epoch 1 | Step 20/812 | Loss 0.7692 | LR 4.0058e-06
2026-03-06 13:45:01 INFO Epoch 1 | Step 40/812 | Loss 0.7837 | LR 4.0230e-06
2026-03-06 13:45:11 INFO Epoch 1 | Step 60/812 | Loss 0.7780 | LR 4.0517e-06
2026-03-06 13:45:21 INFO Epoch 1 | Step 80/812 | Loss 0.7691 | LR 4.0920e-06
2026-03-06 13:45:32 INFO Epoch 1 | Step 100/812 | Loss 0.7627 | LR 4.1437e-06
2026-03-06 13:45:42 INFO Epoch 1 | Step 120/812 | Loss 0.7584 | LR 4.2069e-06
2026-03-06 13:45:53 INFO Epoch 1 | Step 140/812 | Loss 0.7530 | LR 4.2815e-06
2026-03-06 13:46:03 INFO Epoch 1 | Step 160/812 | Loss 0.7493 | LR 4.3676e-06
2026-03-06 13:46:13 INFO Epoch 1 | Step 180/812 | Loss 0.7480 | LR 4.4651e-06
2026-03-06 13:46:24 INFO Epoch 1 | Step 200/812 | Loss 0.7435 | LR 4.5739e-06
2026-03-06 13:46:34 INFO Epoch 1 | Step 220/812 | Loss 0.7391 | LR 4.6942e-06
2026-03-06 13:46:45 INFO Epoch 1 | Step 240/812 | Loss 0.7369 | LR 4.8257e-06
2026-03-06 13:46:55 INFO Epoch 1 | Step 260/812 | Loss 0.7348 | LR 4.9686e-06
2026-03-06 13:47:05 INFO Epoch 1 | Step 280/812 | Loss 0.7320 | LR 5.1228e-06
2026-03-06 13:47:16 INFO Epoch 1 | Step 300/812 | Loss 0.7292 | LR 5.2881e-06
2026-03-06 13:47:26 INFO Epoch 1 | Step 320/812 | Loss 0.7266 | LR 5.4647e-06
2026-03-06 13:47:36 INFO Epoch 1 | Step 340/812 | Loss 0.7246 | LR 5.6524e-06
2026-03-06 13:47:47 INFO Epoch 1 | Step 360/812 | Loss 0.7220 | LR 5.8513e-06
2026-03-06 13:47:57 INFO Epoch 1 | Step 380/812 | Loss 0.7201 | LR 6.0611e-06
2026-03-06 13:48:08 INFO Epoch 1 | Step 400/812 | Loss 0.7176 | LR 6.2820e-06
2026-03-06 13:48:18 INFO Epoch 1 | Step 420/812 | Loss 0.7148 | LR 6.5139e-06
2026-03-06 13:48:29 INFO Epoch 1 | Step 440/812 | Loss 0.7136 | LR 6.7566e-06
2026-03-06 13:48:39 INFO Epoch 1 | Step 460/812 | Loss 0.7116 | LR 7.0102e-06
2026-03-06 13:48:49 INFO Epoch 1 | Step 480/812 | Loss 0.7088 | LR 7.2746e-06
2026-03-06 13:49:00 INFO Epoch 1 | Step 500/812 | Loss 0.7060 | LR 7.5497e-06
2026-03-06 13:49:10 INFO Epoch 1 | Step 520/812 | Loss 0.7027 | LR 7.8354e-06
2026-03-06 13:49:20 INFO Epoch 1 | Step 540/812 | Loss 0.7002 | LR 8.1317e-06
2026-03-06 13:49:31 INFO Epoch 1 | Step 560/812 | Loss 0.6987 | LR 8.4385e-06
2026-03-06 13:49:41 INFO Epoch 1 | Step 580/812 | Loss 0.6958 | LR 8.7558e-06
2026-03-06 13:49:51 INFO Epoch 1 | Step 600/812 | Loss 0.6934 | LR 9.0834e-06
2026-03-06 13:50:02 INFO Epoch 1 | Step 620/812 | Loss 0.6909 | LR 9.4213e-06
2026-03-06 13:50:12 INFO Epoch 1 | Step 640/812 | Loss 0.6881 | LR 9.7694e-06
2026-03-06 13:50:23 INFO Epoch 1 | Step 660/812 | Loss 0.6859 | LR 1.0128e-05
2026-03-06 13:50:33 INFO Epoch 1 | Step 680/812 | Loss 0.6836 | LR 1.0496e-05
2026-03-06 13:50:43 INFO Epoch 1 | Step 700/812 | Loss 0.6811 | LR 1.0874e-05
2026-03-06 13:50:54 INFO Epoch 1 | Step 720/812 | Loss 0.6786 | LR 1.1262e-05
2026-03-06 13:51:04 INFO Epoch 1 | Step 740/812 | Loss 0.6761 | LR 1.1660e-05
2026-03-06 13:51:15 INFO Epoch 1 | Step 760/812 | Loss 0.6743 | LR 1.2068e-05
2026-03-06 13:51:25 INFO Epoch 1 | Step 780/812 | Loss 0.6719 | LR 1.2485e-05
2026-03-06 13:51:35 INFO Epoch 1 | Step 800/812 | Loss 0.6693 | LR 1.2911e-05
2026-03-06 13:51:42 INFO Epoch 1 | Step 812/812 | Loss 0.6677 | LR 1.3172e-05
2026-03-06 13:55:42 INFO CSV Written | Epoch: 1
2026-03-06 13:55:42 INFO Best Saved | Epoch: 1 | Monitor: val_auprc | Value: 0.7687
2026-03-06 13:55:42 INFO Epoch Done | Epoch: 1 | Time: 666.7454 | Train Loss: 0.6677 | Val Accuracy: 0.7147 | Val AUPRC: 0.7687 | Val Auroc: 0.7859 | Val F1: 0.7239 | Val Loss: 0.5742
2026-03-06 13:55:42 INFO Epoch Start | Epoch: 2
2026-03-06 13:55:44 INFO Epoch 2 | Step 1/812 | Loss 0.5199 | LR 1.3193e-05
2026-03-06 13:55:54 INFO Epoch 2 | Step 20/812 | Loss 0.5700 | LR 1.3613e-05
2026-03-06 13:56:05 INFO Epoch 2 | Step 40/812 | Loss 0.5817 | LR 1.4064e-05
2026-03-06 13:56:15 INFO Epoch 2 | Step 60/812 | Loss 0.5741 | LR 1.4523e-05
2026-03-06 13:56:26 INFO Epoch 2 | Step 80/812 | Loss 0.5763 | LR 1.4992e-05
2026-03-06 13:56:36 INFO Epoch 2 | Step 100/812 | Loss 0.5757 | LR 1.5470e-05
2026-03-06 13:56:46 INFO Epoch 2 | Step 120/812 | Loss 0.5713 | LR 1.5956e-05
2026-03-06 13:56:57 INFO Epoch 2 | Step 140/812 | Loss 0.5686 | LR 1.6451e-05
2026-03-06 13:57:07 INFO Epoch 2 | Step 160/812 | Loss 0.5679 | LR 1.6955e-05
2026-03-06 13:57:17 INFO Epoch 2 | Step 180/812 | Loss 0.5639 | LR 1.7467e-05
2026-03-06 13:57:28 INFO Epoch 2 | Step 200/812 | Loss 0.5596 | LR 1.7987e-05
2026-03-06 13:57:38 INFO Epoch 2 | Step 220/812 | Loss 0.5591 | LR 1.8515e-05
2026-03-06 13:57:48 INFO Epoch 2 | Step 240/812 | Loss 0.5601 | LR 1.9051e-05
2026-03-06 13:57:59 INFO Epoch 2 | Step 260/812 | Loss 0.5581 | LR 1.9596e-05
2026-03-06 13:58:09 INFO Epoch 2 | Step 280/812 | Loss 0.5564 | LR 2.0148e-05
2026-03-06 13:58:20 INFO Epoch 2 | Step 300/812 | Loss 0.5571 | LR 2.0707e-05
2026-03-06 13:58:30 INFO Epoch 2 | Step 320/812 | Loss 0.5556 | LR 2.1274e-05
2026-03-06 13:58:40 INFO Epoch 2 | Step 340/812 | Loss 0.5529 | LR 2.1849e-05
2026-03-06 13:58:50 INFO Epoch 2 | Step 360/812 | Loss 0.5524 | LR 2.2431e-05
2026-03-06 13:59:00 INFO Epoch 2 | Step 380/812 | Loss 0.5516 | LR 2.3020e-05
2026-03-06 13:59:11 INFO Epoch 2 | Step 400/812 | Loss 0.5527 | LR 2.3615e-05
2026-03-06 13:59:21 INFO Epoch 2 | Step 420/812 | Loss 0.5525 | LR 2.4218e-05
2026-03-06 13:59:32 INFO Epoch 2 | Step 440/812 | Loss 0.5502 | LR 2.4827e-05
2026-03-06 13:59:42 INFO Epoch 2 | Step 460/812 | Loss 0.5483 | LR 2.5443e-05
2026-03-06 13:59:53 INFO Epoch 2 | Step 480/812 | Loss 0.5462 | LR 2.6065e-05
2026-03-06 14:00:03 INFO Epoch 2 | Step 500/812 | Loss 0.5455 | LR 2.6693e-05
2026-03-06 14:00:13 INFO Epoch 2 | Step 520/812 | Loss 0.5443 | LR 2.7328e-05
2026-03-06 14:00:24 INFO Epoch 2 | Step 540/812 | Loss 0.5448 | LR 2.7968e-05
2026-03-06 14:00:34 INFO Epoch 2 | Step 560/812 | Loss 0.5431 | LR 2.8614e-05
2026-03-06 14:00:44 INFO Epoch 2 | Step 580/812 | Loss 0.5426 | LR 2.9266e-05
2026-03-06 14:00:55 INFO Epoch 2 | Step 600/812 | Loss 0.5415 | LR 2.9923e-05
2026-03-06 14:01:05 INFO Epoch 2 | Step 620/812 | Loss 0.5407 | LR 3.0585e-05
2026-03-06 14:01:16 INFO Epoch 2 | Step 640/812 | Loss 0.5404 | LR 3.1253e-05
2026-03-06 14:01:26 INFO Epoch 2 | Step 660/812 | Loss 0.5389 | LR 3.1925e-05
2026-03-06 14:01:36 INFO Epoch 2 | Step 680/812 | Loss 0.5386 | LR 3.2602e-05
2026-03-06 14:01:47 INFO Epoch 2 | Step 700/812 | Loss 0.5377 | LR 3.3284e-05
2026-03-06 14:01:57 INFO Epoch 2 | Step 720/812 | Loss 0.5362 | LR 3.3971e-05
2026-03-06 14:02:07 INFO Epoch 2 | Step 740/812 | Loss 0.5356 | LR 3.4661e-05
2026-03-06 14:02:18 INFO Epoch 2 | Step 760/812 | Loss 0.5350 | LR 3.5356e-05
2026-03-06 14:02:28 INFO Epoch 2 | Step 780/812 | Loss 0.5350 | LR 3.6055e-05
2026-03-06 14:02:39 INFO Epoch 2 | Step 800/812 | Loss 0.5352 | LR 3.6758e-05
2026-03-06 14:02:45 INFO Epoch 2 | Step 812/812 | Loss 0.5351 | LR 3.7181e-05
2026-03-06 14:06:34 INFO CSV Written | Epoch: 2
2026-03-06 14:06:34 INFO Best Saved | Epoch: 2 | Monitor: val_auprc | Value: 0.8510
2026-03-06 14:06:34 INFO Epoch Done | Epoch: 2 | Time: 652.3328 | Train Loss: 0.5351 | Val Accuracy: 0.7728 | Val AUPRC: 0.8510 | Val Auroc: 0.8532 | Val F1: 0.7656 | Val Loss: 0.5065
2026-03-06 14:06:34 INFO Epoch Start | Epoch: 3
2026-03-06 14:06:38 INFO Epoch 3 | Step 1/812 | Loss 0.4117 | LR 3.7217e-05
2026-03-06 14:06:48 INFO Epoch 3 | Step 20/812 | Loss 0.5023 | LR 3.7890e-05
2026-03-06 14:06:58 INFO Epoch 3 | Step 40/812 | Loss 0.4971 | LR 3.8602e-05
2026-03-06 14:07:08 INFO Epoch 3 | Step 60/812 | Loss 0.5094 | LR 3.9317e-05
2026-03-06 14:07:19 INFO Epoch 3 | Step 80/812 | Loss 0.5037 | LR 4.0035e-05
2026-03-06 14:07:29 INFO Epoch 3 | Step 100/812 | Loss 0.5061 | LR 4.0756e-05
2026-03-06 14:07:40 INFO Epoch 3 | Step 120/812 | Loss 0.4986 | LR 4.1479e-05
2026-03-06 14:07:50 INFO Epoch 3 | Step 140/812 | Loss 0.4993 | LR 4.2206e-05
2026-03-06 14:08:00 INFO Epoch 3 | Step 160/812 | Loss 0.4997 | LR 4.2934e-05
2026-03-06 14:08:11 INFO Epoch 3 | Step 180/812 | Loss 0.4993 | LR 4.3665e-05
2026-03-06 14:08:21 INFO Epoch 3 | Step 200/812 | Loss 0.5014 | LR 4.4398e-05
2026-03-06 14:08:32 INFO Epoch 3 | Step 220/812 | Loss 0.5013 | LR 4.5132e-05
2026-03-06 14:08:42 INFO Epoch 3 | Step 240/812 | Loss 0.5024 | LR 4.5868e-05
2026-03-06 14:08:52 INFO Epoch 3 | Step 260/812 | Loss 0.5023 | LR 4.6606e-05
2026-03-06 14:09:02 INFO Epoch 3 | Step 280/812 | Loss 0.5014 | LR 4.7345e-05
2026-03-06 14:09:13 INFO Epoch 3 | Step 300/812 | Loss 0.4998 | LR 4.8085e-05
2026-03-06 14:09:23 INFO Epoch 3 | Step 320/812 | Loss 0.4974 | LR 4.8826e-05
2026-03-06 14:09:33 INFO Epoch 3 | Step 340/812 | Loss 0.4969 | LR 4.9568e-05
2026-03-06 14:09:43 INFO Epoch 3 | Step 360/812 | Loss 0.4970 | LR 5.0310e-05
2026-03-06 14:09:54 INFO Epoch 3 | Step 380/812 | Loss 0.4964 | LR 5.1053e-05
2026-03-06 14:10:04 INFO Epoch 3 | Step 400/812 | Loss 0.4972 | LR 5.1796e-05
2026-03-06 14:10:15 INFO Epoch 3 | Step 420/812 | Loss 0.4961 | LR 5.2539e-05
2026-03-06 14:10:25 INFO Epoch 3 | Step 440/812 | Loss 0.4950 | LR 5.3282e-05
2026-03-06 14:10:35 INFO Epoch 3 | Step 460/812 | Loss 0.4937 | LR 5.4024e-05
2026-03-06 14:10:46 INFO Epoch 3 | Step 480/812 | Loss 0.4931 | LR 5.4766e-05
2026-03-06 14:10:56 INFO Epoch 3 | Step 500/812 | Loss 0.4923 | LR 5.5508e-05
2026-03-06 14:11:06 INFO Epoch 3 | Step 520/812 | Loss 0.4923 | LR 5.6248e-05
2026-03-06 14:11:17 INFO Epoch 3 | Step 540/812 | Loss 0.4906 | LR 5.6988e-05
2026-03-06 14:11:27 INFO Epoch 3 | Step 560/812 | Loss 0.4914 | LR 5.7726e-05
2026-03-06 14:11:37 INFO Epoch 3 | Step 580/812 | Loss 0.4913 | LR 5.8463e-05
2026-03-06 14:11:48 INFO Epoch 3 | Step 600/812 | Loss 0.4908 | LR 5.9199e-05
2026-03-06 14:11:58 INFO Epoch 3 | Step 620/812 | Loss 0.4904 | LR 5.9932e-05
2026-03-06 14:12:09 INFO Epoch 3 | Step 640/812 | Loss 0.4898 | LR 6.0664e-05
2026-03-06 14:12:19 INFO Epoch 3 | Step 660/812 | Loss 0.4893 | LR 6.1394e-05
2026-03-06 14:12:29 INFO Epoch 3 | Step 680/812 | Loss 0.4900 | LR 6.2121e-05
2026-03-06 14:12:40 INFO Epoch 3 | Step 700/812 | Loss 0.4891 | LR 6.2847e-05
2026-03-06 14:12:50 INFO Epoch 3 | Step 720/812 | Loss 0.4882 | LR 6.3569e-05
2026-03-06 14:13:00 INFO Epoch 3 | Step 740/812 | Loss 0.4879 | LR 6.4289e-05
2026-03-06 14:13:10 INFO Epoch 3 | Step 760/812 | Loss 0.4876 | LR 6.5005e-05
2026-03-06 14:13:21 INFO Epoch 3 | Step 780/812 | Loss 0.4883 | LR 6.5719e-05
2026-03-06 14:13:31 INFO Epoch 3 | Step 800/812 | Loss 0.4873 | LR 6.6429e-05
2026-03-06 14:13:37 INFO Epoch 3 | Step 812/812 | Loss 0.4871 | LR 6.6854e-05
2026-03-06 14:17:36 INFO CSV Written | Epoch: 3
2026-03-06 14:17:36 INFO Best Saved | Epoch: 3 | Monitor: val_auprc | Value: 0.8769
2026-03-06 14:17:36 INFO Epoch Done | Epoch: 3 | Time: 661.4449 | Train Loss: 0.4871 | Val Accuracy: 0.7984 | Val AUPRC: 0.8769 | Val Auroc: 0.8786 | Val F1: 0.8001 | Val Loss: 0.4685
2026-03-06 14:17:36 INFO Epoch Start | Epoch: 4
2026-03-06 14:17:38 INFO Epoch 4 | Step 1/812 | Loss 0.4587 | LR 6.6889e-05
2026-03-06 14:17:48 INFO Epoch 4 | Step 20/812 | Loss 0.4245 | LR 6.7559e-05
2026-03-06 14:17:59 INFO Epoch 4 | Step 40/812 | Loss 0.4489 | LR 6.8260e-05
2026-03-06 14:18:09 INFO Epoch 4 | Step 60/812 | Loss 0.4512 | LR 6.8957e-05
2026-03-06 14:18:19 INFO Epoch 4 | Step 80/812 | Loss 0.4652 | LR 6.9650e-05
2026-03-06 14:18:30 INFO Epoch 4 | Step 100/812 | Loss 0.4641 | LR 7.0339e-05
2026-03-06 14:18:40 INFO Epoch 4 | Step 120/812 | Loss 0.4624 | LR 7.1023e-05
2026-03-06 14:18:50 INFO Epoch 4 | Step 140/812 | Loss 0.4656 | LR 7.1703e-05
2026-03-06 14:19:01 INFO Epoch 4 | Step 160/812 | Loss 0.4646 | LR 7.2378e-05
2026-03-06 14:19:11 INFO Epoch 4 | Step 180/812 | Loss 0.4644 | LR 7.3048e-05
2026-03-06 14:19:21 INFO Epoch 4 | Step 200/812 | Loss 0.4620 | LR 7.3714e-05
2026-03-06 14:19:31 INFO Epoch 4 | Step 220/812 | Loss 0.4634 | LR 7.4374e-05
2026-03-06 14:19:42 INFO Epoch 4 | Step 240/812 | Loss 0.4643 | LR 7.5028e-05
2026-03-06 14:19:52 INFO Epoch 4 | Step 260/812 | Loss 0.4665 | LR 7.5678e-05
2026-03-06 14:20:03 INFO Epoch 4 | Step 280/812 | Loss 0.4654 | LR 7.6321e-05
2026-03-06 14:20:13 INFO Epoch 4 | Step 300/812 | Loss 0.4647 | LR 7.6959e-05
2026-03-06 14:20:23 INFO Epoch 4 | Step 320/812 | Loss 0.4625 | LR 7.7590e-05
2026-03-06 14:20:34 INFO Epoch 4 | Step 340/812 | Loss 0.4613 | LR 7.8216e-05
2026-03-06 14:20:44 INFO Epoch 4 | Step 360/812 | Loss 0.4628 | LR 7.8835e-05
2026-03-06 14:20:54 INFO Epoch 4 | Step 380/812 | Loss 0.4626 | LR 7.9448e-05
2026-03-06 14:21:05 INFO Epoch 4 | Step 400/812 | Loss 0.4615 | LR 8.0054e-05
2026-03-06 14:21:15 INFO Epoch 4 | Step 420/812 | Loss 0.4618 | LR 8.0654e-05
2026-03-06 14:21:25 INFO Epoch 4 | Step 440/812 | Loss 0.4621 | LR 8.1246e-05
2026-03-06 14:21:36 INFO Epoch 4 | Step 460/812 | Loss 0.4623 | LR 8.1832e-05
2026-03-06 14:21:46 INFO Epoch 4 | Step 480/812 | Loss 0.4629 | LR 8.2410e-05
2026-03-06 14:21:56 INFO Epoch 4 | Step 500/812 | Loss 0.4634 | LR 8.2982e-05
2026-03-06 14:22:07 INFO Epoch 4 | Step 520/812 | Loss 0.4632 | LR 8.3545e-05
2026-03-06 14:22:17 INFO Epoch 4 | Step 540/812 | Loss 0.4623 | LR 8.4102e-05
2026-03-06 14:22:28 INFO Epoch 4 | Step 560/812 | Loss 0.4626 | LR 8.4650e-05
2026-03-06 14:22:38 INFO Epoch 4 | Step 580/812 | Loss 0.4638 | LR 8.5191e-05
2026-03-06 14:22:48 INFO Epoch 4 | Step 600/812 | Loss 0.4628 | LR 8.5724e-05
2026-03-06 14:22:58 INFO Epoch 4 | Step 620/812 | Loss 0.4624 | LR 8.6248e-05
2026-03-06 14:23:09 INFO Epoch 4 | Step 640/812 | Loss 0.4625 | LR 8.6765e-05
2026-03-06 14:23:19 INFO Epoch 4 | Step 660/812 | Loss 0.4624 | LR 8.7273e-05
2026-03-06 14:23:30 INFO Epoch 4 | Step 680/812 | Loss 0.4609 | LR 8.7773e-05
2026-03-06 14:23:40 INFO Epoch 4 | Step 700/812 | Loss 0.4603 | LR 8.8264e-05
2026-03-06 14:23:50 INFO Epoch 4 | Step 720/812 | Loss 0.4597 | LR 8.8746e-05
2026-03-06 14:24:01 INFO Epoch 4 | Step 740/812 | Loss 0.4594 | LR 8.9220e-05
2026-03-06 14:24:11 INFO Epoch 4 | Step 760/812 | Loss 0.4594 | LR 8.9685e-05
2026-03-06 14:24:21 INFO Epoch 4 | Step 780/812 | Loss 0.4596 | LR 9.0140e-05
2026-03-06 14:24:31 INFO Epoch 4 | Step 800/812 | Loss 0.4598 | LR 9.0587e-05
2026-03-06 14:24:37 INFO Epoch 4 | Step 812/812 | Loss 0.4595 | LR 9.0850e-05
2026-03-06 14:28:29 INFO CSV Written | Epoch: 4
2026-03-06 14:28:29 INFO Best Saved | Epoch: 4 | Monitor: val_auprc | Value: 0.8976
2026-03-06 14:28:29 INFO Epoch Done | Epoch: 4 | Time: 653.4272 | Train Loss: 0.4595 | Val Accuracy: 0.8144 | Val AUPRC: 0.8976 | Val Auroc: 0.8967 | Val F1: 0.8115 | Val Loss: 0.4440
2026-03-06 14:28:29 INFO Epoch Start | Epoch: 5
2026-03-06 14:28:32 INFO Epoch 5 | Step 1/812 | Loss 0.4227 | LR 9.0872e-05
2026-03-06 14:28:42 INFO Epoch 5 | Step 20/812 | Loss 0.4365 | LR 9.1282e-05
2026-03-06 14:28:52 INFO Epoch 5 | Step 40/812 | Loss 0.4385 | LR 9.1704e-05
2026-03-06 14:29:03 INFO Epoch 5 | Step 60/812 | Loss 0.4364 | LR 9.2117e-05
2026-03-06 14:29:13 INFO Epoch 5 | Step 80/812 | Loss 0.4393 | LR 9.2520e-05
2026-03-06 14:29:23 INFO Epoch 5 | Step 100/812 | Loss 0.4362 | LR 9.2914e-05
2026-03-06 14:29:34 INFO Epoch 5 | Step 120/812 | Loss 0.4412 | LR 9.3297e-05
2026-03-06 14:29:44 INFO Epoch 5 | Step 140/812 | Loss 0.4431 | LR 9.3671e-05
2026-03-06 14:29:54 INFO Epoch 5 | Step 160/812 | Loss 0.4417 | LR 9.4035e-05
2026-03-06 14:30:05 INFO Epoch 5 | Step 180/812 | Loss 0.4361 | LR 9.4388e-05
2026-03-06 14:30:15 INFO Epoch 5 | Step 200/812 | Loss 0.4354 | LR 9.4732e-05
2026-03-06 14:30:25 INFO Epoch 5 | Step 220/812 | Loss 0.4336 | LR 9.5065e-05
2026-03-06 14:30:36 INFO Epoch 5 | Step 240/812 | Loss 0.4351 | LR 9.5388e-05
2026-03-06 14:30:46 INFO Epoch 5 | Step 260/812 | Loss 0.4349 | LR 9.5701e-05
2026-03-06 14:30:56 INFO Epoch 5 | Step 280/812 | Loss 0.4340 | LR 9.6003e-05
2026-03-06 14:31:07 INFO Epoch 5 | Step 300/812 | Loss 0.4305 | LR 9.6295e-05
2026-03-06 14:31:17 INFO Epoch 5 | Step 320/812 | Loss 0.4310 | LR 9.6575e-05
2026-03-06 14:31:28 INFO Epoch 5 | Step 340/812 | Loss 0.4294 | LR 9.6846e-05
2026-03-06 14:31:38 INFO Epoch 5 | Step 360/812 | Loss 0.4288 | LR 9.7105e-05
2026-03-06 14:31:48 INFO Epoch 5 | Step 380/812 | Loss 0.4289 | LR 9.7354e-05
2026-03-06 14:31:59 INFO Epoch 5 | Step 400/812 | Loss 0.4301 | LR 9.7592e-05
2026-03-06 14:32:09 INFO Epoch 5 | Step 420/812 | Loss 0.4288 | LR 9.7819e-05
2026-03-06 14:32:19 INFO Epoch 5 | Step 440/812 | Loss 0.4302 | LR 9.8035e-05
2026-03-06 14:32:30 INFO Epoch 5 | Step 460/812 | Loss 0.4302 | LR 9.8240e-05
2026-03-06 14:32:40 INFO Epoch 5 | Step 480/812 | Loss 0.4300 | LR 9.8433e-05
2026-03-06 14:32:51 INFO Epoch 5 | Step 500/812 | Loss 0.4291 | LR 9.8616e-05
2026-03-06 14:33:01 INFO Epoch 5 | Step 520/812 | Loss 0.4285 | LR 9.8788e-05
2026-03-06 14:33:11 INFO Epoch 5 | Step 540/812 | Loss 0.4278 | LR 9.8948e-05
2026-03-06 14:33:22 INFO Epoch 5 | Step 560/812 | Loss 0.4267 | LR 9.9097e-05
2026-03-06 14:33:32 INFO Epoch 5 | Step 580/812 | Loss 0.4259 | LR 9.9235e-05
2026-03-06 14:33:43 INFO Epoch 5 | Step 600/812 | Loss 0.4277 | LR 9.9361e-05
2026-03-06 14:33:53 INFO Epoch 5 | Step 620/812 | Loss 0.4274 | LR 9.9476e-05
2026-03-06 14:34:03 INFO Epoch 5 | Step 640/812 | Loss 0.4275 | LR 9.9580e-05
2026-03-06 14:34:14 INFO Epoch 5 | Step 660/812 | Loss 0.4273 | LR 9.9673e-05
2026-03-06 14:34:24 INFO Epoch 5 | Step 680/812 | Loss 0.4269 | LR 9.9753e-05
2026-03-06 14:34:35 INFO Epoch 5 | Step 700/812 | Loss 0.4268 | LR 9.9823e-05
2026-03-06 14:34:45 INFO Epoch 5 | Step 720/812 | Loss 0.4266 | LR 9.9881e-05
2026-03-06 14:34:55 INFO Epoch 5 | Step 740/812 | Loss 0.4260 | LR 9.9928e-05
2026-03-06 14:35:06 INFO Epoch 5 | Step 760/812 | Loss 0.4260 | LR 9.9963e-05
2026-03-06 14:35:16 INFO Epoch 5 | Step 780/812 | Loss 0.4250 | LR 9.9986e-05
2026-03-06 14:35:27 INFO Epoch 5 | Step 800/812 | Loss 0.4252 | LR 9.9998e-05
2026-03-06 14:35:33 INFO Epoch 5 | Step 812/812 | Loss 0.4251 | LR 1.0000e-04
2026-03-06 14:39:21 INFO CSV Written | Epoch: 5
2026-03-06 14:39:21 INFO Best Saved | Epoch: 5 | Monitor: val_auprc | Value: 0.9116
2026-03-06 14:39:21 INFO Epoch Done | Epoch: 5 | Time: 651.9183 | Train Loss: 0.4251 | Val Accuracy: 0.8303 | Val AUPRC: 0.9116 | Val Auroc: 0.9098 | Val F1: 0.8276 | Val Loss: 0.4232
2026-03-06 14:39:21 INFO Epoch Start | Epoch: 6
2026-03-06 14:40:00 INFO Epoch 6 | Step 1/108 | Loss 0.8708 | LR 1.0000e-04
2026-03-06 14:40:43 INFO Epoch 6 | Step 20/108 | Loss 0.7137 | LR 1.0000e-04
2026-03-06 14:41:14 INFO Epoch 6 | Step 40/108 | Loss 0.6820 | LR 1.0000e-04
2026-03-06 14:41:45 INFO Epoch 6 | Step 60/108 | Loss 0.6692 | LR 9.9999e-05
2026-03-06 14:42:17 INFO Epoch 6 | Step 80/108 | Loss 0.6672 | LR 9.9999e-05
2026-03-06 14:42:48 INFO Epoch 6 | Step 100/108 | Loss 0.6616 | LR 9.9998e-05
2026-03-06 14:43:00 INFO Epoch 6 | Step 108/108 | Loss 0.6581 | LR 9.9998e-05
2026-03-06 14:46:29 INFO CSV Written | Epoch: 6
2026-03-06 14:46:29 INFO Best Saved | Epoch: 6 | Monitor: val_auprc | Value: 0.9145
2026-03-06 14:46:29 INFO Epoch Done | Epoch: 6 | Time: 427.7564 | Train Loss: 0.6581 | Val Accuracy: 0.7310 | Val AUPRC: 0.9145 | Val Auroc: 0.9110 | Val F1: 0.6433 | Val Loss: 0.5348
2026-03-06 14:46:29 INFO Epoch Start | Epoch: 7
2026-03-06 14:46:46 INFO Epoch 7 | Step 1/108 | Loss 0.6059 | LR 9.9998e-05
2026-03-06 14:47:16 INFO Epoch 7 | Step 20/108 | Loss 0.6383 | LR 9.9997e-05
2026-03-06 14:47:47 INFO Epoch 7 | Step 40/108 | Loss 0.6232 | LR 9.9996e-05
2026-03-06 14:48:17 INFO Epoch 7 | Step 60/108 | Loss 0.6241 | LR 9.9995e-05
2026-03-06 14:48:48 INFO Epoch 7 | Step 80/108 | Loss 0.6261 | LR 9.9993e-05
2026-03-06 14:49:19 INFO Epoch 7 | Step 100/108 | Loss 0.6263 | LR 9.9992e-05
2026-03-06 14:49:31 INFO Epoch 7 | Step 108/108 | Loss 0.6276 | LR 9.9991e-05
2026-03-06 14:52:59 INFO CSV Written | Epoch: 7
2026-03-06 14:52:59 INFO Best Saved | Epoch: 7 | Monitor: val_auprc | Value: 0.9152
2026-03-06 14:52:59 INFO Epoch Done | Epoch: 7 | Time: 389.5179 | Train Loss: 0.6276 | Val Accuracy: 0.7516 | Val AUPRC: 0.9152 | Val Auroc: 0.9102 | Val F1: 0.6818 | Val Loss: 0.5079
2026-03-06 14:52:59 INFO Epoch Start | Epoch: 8
2026-03-06 14:53:15 INFO Epoch 8 | Step 1/108 | Loss 0.6749 | LR 9.9991e-05
2026-03-06 14:53:44 INFO Epoch 8 | Step 20/108 | Loss 0.6048 | LR 9.9990e-05
2026-03-06 14:54:14 INFO Epoch 8 | Step 40/108 | Loss 0.6204 | LR 9.9988e-05
2026-03-06 14:54:45 INFO Epoch 8 | Step 60/108 | Loss 0.6118 | LR 9.9986e-05
2026-03-06 14:55:16 INFO Epoch 8 | Step 80/108 | Loss 0.6126 | LR 9.9984e-05
2026-03-06 14:55:46 INFO Epoch 8 | Step 100/108 | Loss 0.6156 | LR 9.9981e-05
2026-03-06 14:55:58 INFO Epoch 8 | Step 108/108 | Loss 0.6173 | LR 9.9980e-05
2026-03-06 14:59:24 INFO CSV Written | Epoch: 8
2026-03-06 14:59:24 INFO Epoch Done | Epoch: 8 | Time: 385.2405 | Train Loss: 0.6173 | Val Accuracy: 0.7525 | Val AUPRC: 0.9147 | Val Auroc: 0.9064 | Val F1: 0.6821 | Val Loss: 0.5110
2026-03-06 14:59:24 INFO Epoch Start | Epoch: 9
2026-03-06 14:59:50 INFO Epoch 9 | Step 1/108 | Loss 0.6175 | LR 9.9980e-05
2026-03-06 15:00:19 INFO Epoch 9 | Step 20/108 | Loss 0.5980 | LR 9.9978e-05
2026-03-06 15:00:50 INFO Epoch 9 | Step 40/108 | Loss 0.6159 | LR 9.9975e-05
2026-03-06 15:01:21 INFO Epoch 9 | Step 60/108 | Loss 0.6075 | LR 9.9973e-05
2026-03-06 15:01:52 INFO Epoch 9 | Step 80/108 | Loss 0.6051 | LR 9.9970e-05
2026-03-06 15:02:22 INFO Epoch 9 | Step 100/108 | Loss 0.6025 | LR 9.9967e-05
2026-03-06 15:02:34 INFO Epoch 9 | Step 108/108 | Loss 0.6049 | LR 9.9965e-05
2026-03-06 15:06:02 INFO CSV Written | Epoch: 9
2026-03-06 15:06:02 INFO Best Saved | Epoch: 9 | Monitor: val_auprc | Value: 0.9173
2026-03-06 15:06:02 INFO Epoch Done | Epoch: 9 | Time: 397.6378 | Train Loss: 0.6049 | Val Accuracy: 0.7414 | Val AUPRC: 0.9173 | Val Auroc: 0.9104 | Val F1: 0.6608 | Val Loss: 0.5285
2026-03-06 15:06:02 INFO Epoch Start | Epoch: 10
2026-03-06 15:06:26 INFO Epoch 10 | Step 1/108 | Loss 0.6157 | LR 9.9965e-05
2026-03-06 15:06:55 INFO Epoch 10 | Step 20/108 | Loss 0.5807 | LR 9.9962e-05
2026-03-06 15:07:26 INFO Epoch 10 | Step 40/108 | Loss 0.5967 | LR 9.9959e-05
2026-03-06 15:07:57 INFO Epoch 10 | Step 60/108 | Loss 0.5999 | LR 9.9955e-05
2026-03-06 15:08:28 INFO Epoch 10 | Step 80/108 | Loss 0.6028 | LR 9.9951e-05
2026-03-06 15:08:58 INFO Epoch 10 | Step 100/108 | Loss 0.6030 | LR 9.9948e-05
2026-03-06 15:09:10 INFO Epoch 10 | Step 108/108 | Loss 0.6019 | LR 9.9946e-05
2026-03-06 15:12:35 INFO CSV Written | Epoch: 10
2026-03-06 15:12:35 INFO Epoch Done | Epoch: 10 | Time: 393.2037 | Train Loss: 0.6019 | Val Accuracy: 0.7635 | Val AUPRC: 0.9152 | Val Auroc: 0.9078 | Val F1: 0.7016 | Val Loss: 0.5006
2026-03-06 15:12:35 INFO Epoch Start | Epoch: 11
2026-03-06 15:12:55 INFO Epoch 11 | Step 1/108 | Loss 0.5086 | LR 9.9946e-05
2026-03-06 15:13:24 INFO Epoch 11 | Step 20/108 | Loss 0.5700 | LR 9.9942e-05
2026-03-06 15:13:55 INFO Epoch 11 | Step 40/108 | Loss 0.5635 | LR 9.9938e-05
2026-03-06 15:14:26 INFO Epoch 11 | Step 60/108 | Loss 0.5733 | LR 9.9933e-05
2026-03-06 15:14:57 INFO Epoch 11 | Step 80/108 | Loss 0.5780 | LR 9.9929e-05
2026-03-06 15:15:27 INFO Epoch 11 | Step 100/108 | Loss 0.5801 | LR 9.9924e-05
2026-03-06 15:15:39 INFO Epoch 11 | Step 108/108 | Loss 0.5811 | LR 9.9922e-05
2026-03-06 15:19:01 INFO CSV Written | Epoch: 11
2026-03-06 15:19:01 INFO Epoch Done | Epoch: 11 | Time: 386.1528 | Train Loss: 0.5811 | Val Accuracy: 0.7417 | Val AUPRC: 0.9163 | Val Auroc: 0.9079 | Val F1: 0.6613 | Val Loss: 0.5272
2026-03-06 15:19:01 INFO Epoch Start | Epoch: 12
2026-03-06 15:19:25 INFO Epoch 12 | Step 1/108 | Loss 0.4629 | LR 9.9922e-05
2026-03-06 15:19:55 INFO Epoch 12 | Step 20/108 | Loss 0.5714 | LR 9.9917e-05
2026-03-06 15:20:25 INFO Epoch 12 | Step 40/108 | Loss 0.5564 | LR 9.9912e-05
2026-03-06 15:20:56 INFO Epoch 12 | Step 60/108 | Loss 0.5624 | LR 9.9907e-05
2026-03-06 15:21:26 INFO Epoch 12 | Step 80/108 | Loss 0.5665 | LR 9.9902e-05
2026-03-06 15:21:57 INFO Epoch 12 | Step 100/108 | Loss 0.5676 | LR 9.9896e-05
2026-03-06 15:22:09 INFO Epoch 12 | Step 108/108 | Loss 0.5667 | LR 9.9894e-05
2026-03-06 15:25:37 INFO CSV Written | Epoch: 12
2026-03-06 15:25:37 INFO Best Saved | Epoch: 12 | Monitor: val_auprc | Value: 0.9183
2026-03-06 15:25:37 INFO Epoch Done | Epoch: 12 | Time: 395.9007 | Train Loss: 0.5667 | Val Accuracy: 0.7586 | Val AUPRC: 0.9183 | Val Auroc: 0.9121 | Val F1: 0.6932 | Val Loss: 0.5112
2026-03-06 15:25:37 INFO Epoch Start | Epoch: 13
2026-03-06 15:26:16 INFO Epoch 13 | Step 1/108 | Loss 0.6842 | LR 9.9894e-05
2026-03-06 15:26:46 INFO Epoch 13 | Step 20/108 | Loss 0.5578 | LR 9.9888e-05
2026-03-06 15:27:16 INFO Epoch 13 | Step 40/108 | Loss 0.5571 | LR 9.9883e-05
2026-03-06 15:27:47 INFO Epoch 13 | Step 60/108 | Loss 0.5656 | LR 9.9877e-05
2026-03-06 15:28:18 INFO Epoch 13 | Step 80/108 | Loss 0.5675 | LR 9.9871e-05
2026-03-06 15:28:49 INFO Epoch 13 | Step 100/108 | Loss 0.5668 | LR 9.9864e-05
2026-03-06 15:29:01 INFO Epoch 13 | Step 108/108 | Loss 0.5673 | LR 9.9862e-05
2026-03-06 15:32:25 INFO CSV Written | Epoch: 13
2026-03-06 15:32:25 INFO Best Saved | Epoch: 13 | Monitor: val_auprc | Value: 0.9197
2026-03-06 15:32:25 INFO Epoch Done | Epoch: 13 | Time: 407.4580 | Train Loss: 0.5673 | Val Accuracy: 0.7885 | Val AUPRC: 0.9197 | Val Auroc: 0.9110 | Val F1: 0.7440 | Val Loss: 0.4714
2026-03-06 15:32:25 INFO Epoch Start | Epoch: 14
2026-03-06 15:33:07 INFO Epoch 14 | Step 1/108 | Loss 0.6065 | LR 9.9861e-05
2026-03-06 15:33:36 INFO Epoch 14 | Step 20/108 | Loss 0.5050 | LR 9.9855e-05
2026-03-06 15:34:07 INFO Epoch 14 | Step 40/108 | Loss 0.5065 | LR 9.9849e-05
2026-03-06 15:34:37 INFO Epoch 14 | Step 60/108 | Loss 0.5259 | LR 9.9842e-05
2026-03-06 15:35:08 INFO Epoch 14 | Step 80/108 | Loss 0.5308 | LR 9.9835e-05
2026-03-06 15:35:39 INFO Epoch 14 | Step 100/108 | Loss 0.5368 | LR 9.9828e-05
2026-03-06 15:35:51 INFO Epoch 14 | Step 108/108 | Loss 0.5396 | LR 9.9825e-05
2026-03-06 15:39:21 INFO CSV Written | Epoch: 14
2026-03-06 15:39:21 INFO Best Saved | Epoch: 14 | Monitor: val_auprc | Value: 0.9218
2026-03-06 15:39:21 INFO Epoch Done | Epoch: 14 | Time: 415.6146 | Train Loss: 0.5396 | Val Accuracy: 0.7976 | Val AUPRC: 0.9218 | Val Auroc: 0.9156 | Val F1: 0.7592 | Val Loss: 0.4643
2026-03-06 15:39:21 INFO Epoch Start | Epoch: 15
2026-03-06 15:39:32 INFO Epoch 15 | Step 1/108 | Loss 0.4361 | LR 9.9825e-05
2026-03-06 15:40:02 INFO Epoch 15 | Step 20/108 | Loss 0.5198 | LR 9.9818e-05
2026-03-06 15:40:32 INFO Epoch 15 | Step 40/108 | Loss 0.5274 | LR 9.9810e-05
2026-03-06 15:41:03 INFO Epoch 15 | Step 60/108 | Loss 0.5163 | LR 9.9803e-05
2026-03-06 15:41:34 INFO Epoch 15 | Step 80/108 | Loss 0.5234 | LR 9.9795e-05
2026-03-06 15:42:05 INFO Epoch 15 | Step 100/108 | Loss 0.5219 | LR 9.9787e-05
2026-03-06 15:42:17 INFO Epoch 15 | Step 108/108 | Loss 0.5279 | LR 9.9784e-05
2026-03-06 15:45:42 INFO CSV Written | Epoch: 15
2026-03-06 15:45:42 INFO Epoch Done | Epoch: 15 | Time: 380.9304 | Train Loss: 0.5279 | Val Accuracy: 0.7859 | Val AUPRC: 0.9213 | Val Auroc: 0.9143 | Val F1: 0.7392 | Val Loss: 0.4789
2026-03-06 15:45:42 INFO Epoch Start | Epoch: 16
2026-03-06 15:46:28 INFO Epoch 16 | Step 1/108 | Loss 0.5326 | LR 9.9784e-05
2026-03-06 15:46:57 INFO Epoch 16 | Step 20/108 | Loss 0.5379 | LR 9.9776e-05
2026-03-06 15:47:28 INFO Epoch 16 | Step 40/108 | Loss 0.5206 | LR 9.9768e-05
2026-03-06 15:47:59 INFO Epoch 16 | Step 60/108 | Loss 0.5251 | LR 9.9760e-05
2026-03-06 15:48:29 INFO Epoch 16 | Step 80/108 | Loss 0.5411 | LR 9.9751e-05
2026-03-06 15:49:00 INFO Epoch 16 | Step 100/108 | Loss 0.5357 | LR 9.9742e-05
2026-03-06 15:49:12 INFO Epoch 16 | Step 108/108 | Loss 0.5387 | LR 9.9739e-05
2026-03-06 15:52:45 INFO CSV Written | Epoch: 16
2026-03-06 15:52:45 INFO Epoch Done | Epoch: 16 | Time: 422.9257 | Train Loss: 0.5387 | Val Accuracy: 0.7846 | Val AUPRC: 0.9202 | Val Auroc: 0.9126 | Val F1: 0.7377 | Val Loss: 0.4819
2026-03-06 15:52:45 INFO Epoch Start | Epoch: 17
2026-03-06 15:53:23 INFO Epoch 17 | Step 1/108 | Loss 0.6339 | LR 9.9739e-05
2026-03-06 15:53:52 INFO Epoch 17 | Step 20/108 | Loss 0.5049 | LR 9.9730e-05
2026-03-06 15:54:22 INFO Epoch 17 | Step 40/108 | Loss 0.5073 | LR 9.9721e-05
2026-03-06 15:54:53 INFO Epoch 17 | Step 60/108 | Loss 0.5059 | LR 9.9712e-05
2026-03-06 15:55:24 INFO Epoch 17 | Step 80/108 | Loss 0.5138 | LR 9.9703e-05
2026-03-06 15:55:55 INFO Epoch 17 | Step 100/108 | Loss 0.5157 | LR 9.9693e-05
2026-03-06 15:56:07 INFO Epoch 17 | Step 108/108 | Loss 0.5160 | LR 9.9689e-05
2026-03-06 15:59:36 INFO CSV Written | Epoch: 17
2026-03-06 15:59:36 INFO Best Saved | Epoch: 17 | Monitor: val_auprc | Value: 0.9239
2026-03-06 15:59:36 INFO Epoch Done | Epoch: 17 | Time: 411.4862 | Train Loss: 0.5160 | Val Accuracy: 0.7928 | Val AUPRC: 0.9239 | Val Auroc: 0.9175 | Val F1: 0.7503 | Val Loss: 0.4664
2026-03-06 15:59:36 INFO Epoch Start | Epoch: 18
2026-03-06 16:00:01 INFO Epoch 18 | Step 1/108 | Loss 0.4855 | LR 9.9689e-05
2026-03-06 16:00:31 INFO Epoch 18 | Step 20/108 | Loss 0.5214 | LR 9.9680e-05
2026-03-06 16:01:01 INFO Epoch 18 | Step 40/108 | Loss 0.5054 | LR 9.9670e-05
2026-03-06 16:01:32 INFO Epoch 18 | Step 60/108 | Loss 0.4976 | LR 9.9660e-05
2026-03-06 16:02:03 INFO Epoch 18 | Step 80/108 | Loss 0.4896 | LR 9.9650e-05
2026-03-06 16:02:33 INFO Epoch 18 | Step 100/108 | Loss 0.4949 | LR 9.9640e-05
2026-03-06 16:02:46 INFO Epoch 18 | Step 108/108 | Loss 0.4979 | LR 9.9636e-05
2026-03-06 16:06:10 INFO CSV Written | Epoch: 18
2026-03-06 16:06:10 INFO Epoch Done | Epoch: 18 | Time: 394.1766 | Train Loss: 0.4979 | Val Accuracy: 0.7954 | Val AUPRC: 0.9231 | Val Auroc: 0.9143 | Val F1: 0.7543 | Val Loss: 0.4764
2026-03-06 16:06:10 INFO Epoch Start | Epoch: 19
2026-03-06 16:06:36 INFO Epoch 19 | Step 1/108 | Loss 0.5316 | LR 9.9635e-05
2026-03-06 16:07:05 INFO Epoch 19 | Step 20/108 | Loss 0.5374 | LR 9.9625e-05
2026-03-06 16:07:36 INFO Epoch 19 | Step 40/108 | Loss 0.5241 | LR 9.9615e-05
2026-03-06 16:08:07 INFO Epoch 19 | Step 60/108 | Loss 0.5294 | LR 9.9604e-05
2026-03-06 16:08:37 INFO Epoch 19 | Step 80/108 | Loss 0.5218 | LR 9.9593e-05
2026-03-06 16:09:08 INFO Epoch 19 | Step 100/108 | Loss 0.5144 | LR 9.9582e-05
2026-03-06 16:09:20 INFO Epoch 19 | Step 108/108 | Loss 0.5124 | LR 9.9578e-05
2026-03-06 16:12:50 INFO CSV Written | Epoch: 19
2026-03-06 16:12:51 INFO Best Saved | Epoch: 19 | Monitor: val_auprc | Value: 0.9255
2026-03-06 16:12:51 INFO Epoch Done | Epoch: 19 | Time: 400.0726 | Train Loss: 0.5124 | Val Accuracy: 0.7988 | Val AUPRC: 0.9255 | Val Auroc: 0.9197 | Val F1: 0.7603 | Val Loss: 0.4808
2026-03-06 16:12:51 INFO Epoch Start | Epoch: 20
2026-03-06 16:13:04 INFO Epoch 20 | Step 1/108 | Loss 0.4304 | LR 9.9577e-05
2026-03-06 16:13:33 INFO Epoch 20 | Step 20/108 | Loss 0.4903 | LR 9.9566e-05
2026-03-06 16:14:04 INFO Epoch 20 | Step 40/108 | Loss 0.4781 | LR 9.9555e-05
2026-03-06 16:14:35 INFO Epoch 20 | Step 60/108 | Loss 0.4796 | LR 9.9543e-05
2026-03-06 16:15:05 INFO Epoch 20 | Step 80/108 | Loss 0.4883 | LR 9.9532e-05
2026-03-06 16:15:36 INFO Epoch 20 | Step 100/108 | Loss 0.4756 | LR 9.9520e-05
2026-03-06 16:15:48 INFO Epoch 20 | Step 108/108 | Loss 0.4791 | LR 9.9515e-05
2026-03-06 16:19:45 INFO CSV Written | Epoch: 20
2026-03-06 16:19:45 INFO Epoch Done | Epoch: 20 | Time: 414.7925 | Train Loss: 0.4791 | Val Accuracy: 0.7902 | Val AUPRC: 0.9236 | Val Auroc: 0.9157 | Val F1: 0.7455 | Val Loss: 0.5084
2026-03-06 16:19:45 INFO Epoch Start | Epoch: 21
2026-03-06 16:19:55 INFO Epoch 21 | Step 1/108 | Loss 0.2096 | LR 9.9515e-05
2026-03-06 16:20:25 INFO Epoch 21 | Step 20/108 | Loss 0.4324 | LR 9.9503e-05
2026-03-06 16:20:55 INFO Epoch 21 | Step 40/108 | Loss 0.4508 | LR 9.9491e-05
2026-03-06 16:21:26 INFO Epoch 21 | Step 60/108 | Loss 0.4694 | LR 9.9479e-05
2026-03-06 16:21:57 INFO Epoch 21 | Step 80/108 | Loss 0.4685 | LR 9.9466e-05
2026-03-06 16:22:27 INFO Epoch 21 | Step 100/108 | Loss 0.4776 | LR 9.9454e-05
2026-03-06 16:22:39 INFO Epoch 21 | Step 108/108 | Loss 0.4762 | LR 9.9449e-05
2026-03-06 16:26:06 INFO CSV Written | Epoch: 21
2026-03-06 16:26:06 INFO Best Saved | Epoch: 21 | Monitor: val_auprc | Value: 0.9269
2026-03-06 16:26:06 INFO Epoch Done | Epoch: 21 | Time: 380.7803 | Train Loss: 0.4762 | Val Accuracy: 0.7952 | Val AUPRC: 0.9269 | Val Auroc: 0.9221 | Val F1: 0.7541 | Val Loss: 0.4885
2026-03-06 16:26:06 INFO Epoch Start | Epoch: 22
2026-03-06 16:26:27 INFO Epoch 22 | Step 1/108 | Loss 0.4872 | LR 9.9448e-05
2026-03-06 16:26:56 INFO Epoch 22 | Step 20/108 | Loss 0.4839 | LR 9.9436e-05
2026-03-06 16:27:27 INFO Epoch 22 | Step 40/108 | Loss 0.4728 | LR 9.9423e-05
2026-03-06 16:27:58 INFO Epoch 22 | Step 60/108 | Loss 0.4742 | LR 9.9410e-05
2026-03-06 16:28:29 INFO Epoch 22 | Step 80/108 | Loss 0.4759 | LR 9.9396e-05
2026-03-06 16:28:59 INFO Epoch 22 | Step 100/108 | Loss 0.4796 | LR 9.9383e-05
2026-03-06 16:29:12 INFO Epoch 22 | Step 108/108 | Loss 0.4763 | LR 9.9378e-05
2026-03-06 16:32:41 INFO CSV Written | Epoch: 22
2026-03-06 16:32:41 INFO Best Saved | Epoch: 22 | Monitor: val_auprc | Value: 0.9273
2026-03-06 16:32:41 INFO Epoch Done | Epoch: 22 | Time: 394.8946 | Train Loss: 0.4763 | Val Accuracy: 0.8175 | Val AUPRC: 0.9273 | Val Auroc: 0.9235 | Val F1: 0.7897 | Val Loss: 0.4733
2026-03-06 16:32:41 INFO Epoch Start | Epoch: 23
2026-03-06 16:32:54 INFO Epoch 23 | Step 1/108 | Loss 0.5065 | LR 9.9377e-05
2026-03-06 16:33:24 INFO Epoch 23 | Step 20/108 | Loss 0.4413 | LR 9.9364e-05
2026-03-06 16:33:54 INFO Epoch 23 | Step 40/108 | Loss 0.4397 | LR 9.9350e-05
2026-03-06 16:34:25 INFO Epoch 23 | Step 60/108 | Loss 0.4596 | LR 9.9336e-05
2026-03-06 16:34:55 INFO Epoch 23 | Step 80/108 | Loss 0.4651 | LR 9.9322e-05
2026-03-06 16:35:26 INFO Epoch 23 | Step 100/108 | Loss 0.4680 | LR 9.9308e-05
2026-03-06 16:35:38 INFO Epoch 23 | Step 108/108 | Loss 0.4641 | LR 9.9303e-05
2026-03-06 16:39:10 INFO CSV Written | Epoch: 23
2026-03-06 16:39:10 INFO Best Saved | Epoch: 23 | Monitor: val_auprc | Value: 0.9286
2026-03-06 16:39:10 INFO Epoch Done | Epoch: 23 | Time: 388.9427 | Train Loss: 0.4641 | Val Accuracy: 0.8008 | Val AUPRC: 0.9286 | Val Auroc: 0.9254 | Val F1: 0.7627 | Val Loss: 0.4787
2026-03-06 16:39:10 INFO Epoch Start | Epoch: 24
2026-03-06 16:39:26 INFO Epoch 24 | Step 1/108 | Loss 0.3749 | LR 9.9302e-05
2026-03-06 16:39:55 INFO Epoch 24 | Step 20/108 | Loss 0.4442 | LR 9.9288e-05
2026-03-06 16:40:26 INFO Epoch 24 | Step 40/108 | Loss 0.4526 | LR 9.9274e-05
2026-03-06 16:40:56 INFO Epoch 24 | Step 60/108 | Loss 0.4503 | LR 9.9259e-05
2026-03-06 16:41:27 INFO Epoch 24 | Step 80/108 | Loss 0.4473 | LR 9.9244e-05
2026-03-06 16:41:58 INFO Epoch 24 | Step 100/108 | Loss 0.4562 | LR 9.9229e-05
2026-03-06 16:42:10 INFO Epoch 24 | Step 108/108 | Loss 0.4589 | LR 9.9223e-05
2026-03-06 16:45:35 INFO CSV Written | Epoch: 24
2026-03-06 16:45:35 INFO Epoch Done | Epoch: 24 | Time: 384.8259 | Train Loss: 0.4589 | Val Accuracy: 0.8083 | Val AUPRC: 0.9248 | Val Auroc: 0.9197 | Val F1: 0.7756 | Val Loss: 0.4736
2026-03-06 16:45:35 INFO Epoch Start | Epoch: 25
2026-03-06 16:45:54 INFO Epoch 25 | Step 1/108 | Loss 0.4703 | LR 9.9222e-05
2026-03-06 16:46:24 INFO Epoch 25 | Step 20/108 | Loss 0.4486 | LR 9.9208e-05
2026-03-06 16:46:54 INFO Epoch 25 | Step 40/108 | Loss 0.4582 | LR 9.9193e-05
2026-03-06 16:47:25 INFO Epoch 25 | Step 60/108 | Loss 0.4422 | LR 9.9177e-05
2026-03-06 16:47:56 INFO Epoch 25 | Step 80/108 | Loss 0.4515 | LR 9.9162e-05
2026-03-06 16:48:26 INFO Epoch 25 | Step 100/108 | Loss 0.4506 | LR 9.9146e-05
2026-03-06 16:48:39 INFO Epoch 25 | Step 108/108 | Loss 0.4490 | LR 9.9139e-05
2026-03-06 16:52:03 INFO CSV Written | Epoch: 25
2026-03-06 16:52:03 INFO Epoch Done | Epoch: 25 | Time: 387.9402 | Train Loss: 0.4490 | Val Accuracy: 0.8209 | Val AUPRC: 0.9285 | Val Auroc: 0.9229 | Val F1: 0.7941 | Val Loss: 0.4637
2026-03-06 16:52:03 INFO Epoch Start | Epoch: 26
2026-03-06 16:52:30 INFO Epoch 26 | Step 1/108 | Loss 0.2793 | LR 9.9139e-05
2026-03-06 16:52:59 INFO Epoch 26 | Step 20/108 | Loss 0.4321 | LR 9.9124e-05
2026-03-06 16:53:30 INFO Epoch 26 | Step 40/108 | Loss 0.4233 | LR 9.9107e-05
2026-03-06 16:54:00 INFO Epoch 26 | Step 60/108 | Loss 0.4460 | LR 9.9091e-05
2026-03-06 16:54:31 INFO Epoch 26 | Step 80/108 | Loss 0.4390 | LR 9.9075e-05
2026-03-06 16:55:02 INFO Epoch 26 | Step 100/108 | Loss 0.4468 | LR 9.9058e-05
2026-03-06 16:55:14 INFO Epoch 26 | Step 108/108 | Loss 0.4493 | LR 9.9052e-05
2026-03-06 16:58:39 INFO CSV Written | Epoch: 26
2026-03-06 16:58:39 INFO Best Saved | Epoch: 26 | Monitor: val_auprc | Value: 0.9289
2026-03-06 16:58:39 INFO Epoch Done | Epoch: 26 | Time: 396.0016 | Train Loss: 0.4493 | Val Accuracy: 0.8225 | Val AUPRC: 0.9289 | Val Auroc: 0.9251 | Val F1: 0.7975 | Val Loss: 0.4515
2026-03-06 16:58:39 INFO Epoch Start | Epoch: 27
2026-03-06 16:59:05 INFO Epoch 27 | Step 1/108 | Loss 0.5849 | LR 9.9051e-05
2026-03-06 16:59:34 INFO Epoch 27 | Step 20/108 | Loss 0.4349 | LR 9.9035e-05
2026-03-06 17:00:05 INFO Epoch 27 | Step 40/108 | Loss 0.4298 | LR 9.9018e-05
2026-03-06 17:00:35 INFO Epoch 27 | Step 60/108 | Loss 0.4244 | LR 9.9001e-05
2026-03-06 17:01:06 INFO Epoch 27 | Step 80/108 | Loss 0.4369 | LR 9.8984e-05
2026-03-06 17:01:37 INFO Epoch 27 | Step 100/108 | Loss 0.4324 | LR 9.8966e-05
2026-03-06 17:01:49 INFO Epoch 27 | Step 108/108 | Loss 0.4308 | LR 9.8959e-05
2026-03-06 17:05:18 INFO CSV Written | Epoch: 27
2026-03-06 17:05:18 INFO Best Saved | Epoch: 27 | Monitor: val_auprc | Value: 0.9290
2026-03-06 17:05:18 INFO Epoch Done | Epoch: 27 | Time: 398.4772 | Train Loss: 0.4308 | Val Accuracy: 0.8166 | Val AUPRC: 0.9290 | Val Auroc: 0.9263 | Val F1: 0.7880 | Val Loss: 0.4788
2026-03-06 17:05:18 INFO Epoch Start | Epoch: 28
2026-03-06 17:05:29 INFO Epoch 28 | Step 1/108 | Loss 0.4165 | LR 9.8959e-05
2026-03-06 17:05:58 INFO Epoch 28 | Step 20/108 | Loss 0.4332 | LR 9.8942e-05
2026-03-06 17:06:29 INFO Epoch 28 | Step 40/108 | Loss 0.4313 | LR 9.8924e-05
2026-03-06 17:07:00 INFO Epoch 28 | Step 60/108 | Loss 0.4335 | LR 9.8906e-05
2026-03-06 17:07:31 INFO Epoch 28 | Step 80/108 | Loss 0.4415 | LR 9.8889e-05
2026-03-06 17:08:02 INFO Epoch 28 | Step 100/108 | Loss 0.4394 | LR 9.8870e-05
2026-03-06 17:08:14 INFO Epoch 28 | Step 108/108 | Loss 0.4428 | LR 9.8863e-05
2026-03-06 17:11:37 INFO CSV Written | Epoch: 28
2026-03-06 17:11:37 INFO Epoch Done | Epoch: 28 | Time: 378.9499 | Train Loss: 0.4428 | Val Accuracy: 0.8187 | Val AUPRC: 0.9276 | Val Auroc: 0.9230 | Val F1: 0.7915 | Val Loss: 0.4710
2026-03-06 17:11:37 INFO Epoch Start | Epoch: 29
2026-03-06 17:12:08 INFO Epoch 29 | Step 1/108 | Loss 0.4241 | LR 9.8862e-05
2026-03-06 17:12:37 INFO Epoch 29 | Step 20/108 | Loss 0.4143 | LR 9.8845e-05
2026-03-06 17:13:08 INFO Epoch 29 | Step 40/108 | Loss 0.4276 | LR 9.8826e-05
2026-03-06 17:13:39 INFO Epoch 29 | Step 60/108 | Loss 0.4251 | LR 9.8808e-05
2026-03-06 17:14:10 INFO Epoch 29 | Step 80/108 | Loss 0.4174 | LR 9.8789e-05
2026-03-06 17:14:40 INFO Epoch 29 | Step 100/108 | Loss 0.4164 | LR 9.8770e-05
2026-03-06 17:14:53 INFO Epoch 29 | Step 108/108 | Loss 0.4138 | LR 9.8763e-05
2026-03-06 17:18:17 INFO CSV Written | Epoch: 29
2026-03-06 17:18:17 INFO Epoch Done | Epoch: 29 | Time: 400.1862 | Train Loss: 0.4138 | Val Accuracy: 0.8178 | Val AUPRC: 0.9270 | Val Auroc: 0.9200 | Val F1: 0.7896 | Val Loss: 0.4796
2026-03-06 17:18:17 INFO Epoch Start | Epoch: 30
2026-03-06 17:18:35 INFO Epoch 30 | Step 1/108 | Loss 0.4760 | LR 9.8762e-05
2026-03-06 17:19:05 INFO Epoch 30 | Step 20/108 | Loss 0.4220 | LR 9.8744e-05
2026-03-06 17:19:36 INFO Epoch 30 | Step 40/108 | Loss 0.4367 | LR 9.8724e-05
2026-03-06 17:20:06 INFO Epoch 30 | Step 60/108 | Loss 0.4405 | LR 9.8705e-05
2026-03-06 17:20:37 INFO Epoch 30 | Step 80/108 | Loss 0.4487 | LR 9.8685e-05
2026-03-06 17:21:08 INFO Epoch 30 | Step 100/108 | Loss 0.4394 | LR 9.8666e-05
2026-03-06 17:21:20 INFO Epoch 30 | Step 108/108 | Loss 0.4383 | LR 9.8658e-05
2026-03-06 17:24:49 INFO CSV Written | Epoch: 30
2026-03-06 17:24:49 INFO Epoch Done | Epoch: 30 | Time: 391.7574 | Train Loss: 0.4383 | Val Accuracy: 0.8194 | Val AUPRC: 0.9278 | Val Auroc: 0.9216 | Val F1: 0.7915 | Val Loss: 0.4819
2026-03-06 17:24:49 INFO Epoch Start | Epoch: 31
2026-03-06 17:25:05 INFO Epoch 31 | Step 1/108 | Loss 0.4900 | LR 9.8657e-05
2026-03-06 17:25:36 INFO Epoch 31 | Step 20/108 | Loss 0.4137 | LR 9.8638e-05
2026-03-06 17:26:07 INFO Epoch 31 | Step 40/108 | Loss 0.4238 | LR 9.8618e-05
2026-03-06 17:26:38 INFO Epoch 31 | Step 60/108 | Loss 0.4340 | LR 9.8598e-05
2026-03-06 17:27:08 INFO Epoch 31 | Step 80/108 | Loss 0.4279 | LR 9.8578e-05
2026-03-06 17:27:39 INFO Epoch 31 | Step 100/108 | Loss 0.4191 | LR 9.8557e-05
2026-03-06 17:27:51 INFO Epoch 31 | Step 108/108 | Loss 0.4149 | LR 9.8549e-05
2026-03-06 17:31:17 INFO CSV Written | Epoch: 31
2026-03-06 17:31:17 INFO Epoch Done | Epoch: 31 | Time: 388.1215 | Train Loss: 0.4149 | Val Accuracy: 0.8250 | Val AUPRC: 0.9277 | Val Auroc: 0.9232 | Val F1: 0.8008 | Val Loss: 0.4970
2026-03-06 17:31:17 INFO Epoch Start | Epoch: 32
2026-03-06 17:31:54 INFO Epoch 32 | Step 1/108 | Loss 0.5015 | LR 9.8548e-05
2026-03-06 17:32:23 INFO Epoch 32 | Step 20/108 | Loss 0.3895 | LR 9.8528e-05
2026-03-06 17:32:54 INFO Epoch 32 | Step 40/108 | Loss 0.4006 | LR 9.8508e-05
2026-03-06 17:33:25 INFO Epoch 32 | Step 60/108 | Loss 0.3950 | LR 9.8487e-05
2026-03-06 17:33:55 INFO Epoch 32 | Step 80/108 | Loss 0.3992 | LR 9.8466e-05
2026-03-06 17:34:26 INFO Epoch 32 | Step 100/108 | Loss 0.4037 | LR 9.8444e-05
2026-03-06 17:34:38 INFO Epoch 32 | Step 108/108 | Loss 0.4045 | LR 9.8436e-05
2026-03-06 17:38:03 INFO CSV Written | Epoch: 32
2026-03-06 17:38:03 INFO Best Saved | Epoch: 32 | Monitor: val_auprc | Value: 0.9320
2026-03-06 17:38:03 INFO Epoch Done | Epoch: 32 | Time: 405.5517 | Train Loss: 0.4045 | Val Accuracy: 0.8321 | Val AUPRC: 0.9320 | Val Auroc: 0.9283 | Val F1: 0.8107 | Val Loss: 0.4608
2026-03-06 17:38:03 INFO Epoch Start | Epoch: 33
2026-03-06 17:38:22 INFO Epoch 33 | Step 1/108 | Loss 0.3268 | LR 9.8435e-05
2026-03-06 17:38:51 INFO Epoch 33 | Step 20/108 | Loss 0.3668 | LR 9.8414e-05
2026-03-06 17:39:22 INFO Epoch 33 | Step 40/108 | Loss 0.3761 | LR 9.8393e-05
2026-03-06 17:39:53 INFO Epoch 33 | Step 60/108 | Loss 0.3683 | LR 9.8371e-05
2026-03-06 17:40:24 INFO Epoch 33 | Step 80/108 | Loss 0.3825 | LR 9.8349e-05
2026-03-06 17:40:54 INFO Epoch 33 | Step 100/108 | Loss 0.3943 | LR 9.8327e-05
2026-03-06 17:41:07 INFO Epoch 33 | Step 108/108 | Loss 0.3933 | LR 9.8318e-05
2026-03-06 17:44:51 INFO CSV Written | Epoch: 33
2026-03-06 17:44:51 INFO Epoch Done | Epoch: 33 | Time: 408.4188 | Train Loss: 0.3933 | Val Accuracy: 0.8247 | Val AUPRC: 0.9307 | Val Auroc: 0.9252 | Val F1: 0.7996 | Val Loss: 0.4880
2026-03-06 17:44:51 INFO Epoch Start | Epoch: 34
2026-03-06 17:45:02 INFO Epoch 34 | Step 1/108 | Loss 0.2756 | LR 9.8317e-05
2026-03-06 17:45:31 INFO Epoch 34 | Step 20/108 | Loss 0.4171 | LR 9.8296e-05
2026-03-06 17:46:02 INFO Epoch 34 | Step 40/108 | Loss 0.4345 | LR 9.8274e-05
2026-03-06 17:46:33 INFO Epoch 34 | Step 60/108 | Loss 0.4125 | LR 9.8252e-05
2026-03-06 17:47:04 INFO Epoch 34 | Step 80/108 | Loss 0.4026 | LR 9.8229e-05
2026-03-06 17:47:34 INFO Epoch 34 | Step 100/108 | Loss 0.4029 | LR 9.8206e-05
2026-03-06 17:47:46 INFO Epoch 34 | Step 108/108 | Loss 0.4049 | LR 9.8197e-05
2026-03-06 17:51:13 INFO CSV Written | Epoch: 34
2026-03-06 17:51:13 INFO Epoch Done | Epoch: 34 | Time: 381.9744 | Train Loss: 0.4049 | Val Accuracy: 0.8319 | Val AUPRC: 0.9296 | Val Auroc: 0.9240 | Val F1: 0.8110 | Val Loss: 0.4846
2026-03-06 17:51:13 INFO Epoch Start | Epoch: 35
2026-03-06 17:51:28 INFO Epoch 35 | Step 1/108 | Loss 0.3193 | LR 9.8196e-05
2026-03-06 17:51:57 INFO Epoch 35 | Step 20/108 | Loss 0.4013 | LR 9.8174e-05
2026-03-06 17:52:28 INFO Epoch 35 | Step 40/108 | Loss 0.3947 | LR 9.8151e-05
2026-03-06 17:52:59 INFO Epoch 35 | Step 60/108 | Loss 0.4043 | LR 9.8128e-05
2026-03-06 17:53:29 INFO Epoch 35 | Step 80/108 | Loss 0.3989 | LR 9.8104e-05
2026-03-06 17:54:00 INFO Epoch 35 | Step 100/108 | Loss 0.3899 | LR 9.8081e-05
2026-03-06 17:54:12 INFO Epoch 35 | Step 108/108 | Loss 0.3905 | LR 9.8071e-05
2026-03-06 17:57:47 INFO CSV Written | Epoch: 35
2026-03-06 17:57:47 INFO Epoch Done | Epoch: 35 | Time: 393.9703 | Train Loss: 0.3905 | Val Accuracy: 0.8373 | Val AUPRC: 0.9311 | Val Auroc: 0.9277 | Val F1: 0.8190 | Val Loss: 0.4614
2026-03-06 17:57:47 INFO Epoch Start | Epoch: 36
2026-03-06 17:57:57 INFO Epoch 36 | Step 1/108 | Loss 0.3895 | LR 9.8070e-05
2026-03-06 17:58:26 INFO Epoch 36 | Step 20/108 | Loss 0.3611 | LR 9.8048e-05
2026-03-06 17:58:57 INFO Epoch 36 | Step 40/108 | Loss 0.3901 | LR 9.8024e-05
2026-03-06 17:59:27 INFO Epoch 36 | Step 60/108 | Loss 0.3850 | LR 9.8000e-05
2026-03-06 17:59:58 INFO Epoch 36 | Step 80/108 | Loss 0.3909 | LR 9.7976e-05
2026-03-06 18:00:29 INFO Epoch 36 | Step 100/108 | Loss 0.3897 | LR 9.7951e-05
2026-03-06 18:00:41 INFO Epoch 36 | Step 108/108 | Loss 0.3858 | LR 9.7942e-05
2026-03-06 18:04:03 INFO CSV Written | Epoch: 36
2026-03-06 18:04:03 INFO Best Saved | Epoch: 36 | Monitor: val_auprc | Value: 0.9330
2026-03-06 18:04:03 INFO Epoch Done | Epoch: 36 | Time: 375.5599 | Train Loss: 0.3858 | Val Accuracy: 0.8321 | Val AUPRC: 0.9330 | Val Auroc: 0.9319 | Val F1: 0.8113 | Val Loss: 0.4824
2026-03-06 18:04:03 INFO Epoch Start | Epoch: 37
2026-03-06 18:04:31 INFO Epoch 37 | Step 1/108 | Loss 0.3851 | LR 9.7940e-05
2026-03-06 18:05:00 INFO Epoch 37 | Step 20/108 | Loss 0.3664 | LR 9.7917e-05
2026-03-06 18:05:31 INFO Epoch 37 | Step 40/108 | Loss 0.3925 | LR 9.7892e-05
2026-03-06 18:06:02 INFO Epoch 37 | Step 60/108 | Loss 0.3767 | LR 9.7868e-05
2026-03-06 18:06:33 INFO Epoch 37 | Step 80/108 | Loss 0.3688 | LR 9.7843e-05
2026-03-06 18:07:04 INFO Epoch 37 | Step 100/108 | Loss 0.3776 | LR 9.7818e-05
2026-03-06 18:07:16 INFO Epoch 37 | Step 108/108 | Loss 0.3783 | LR 9.7808e-05
2026-03-06 18:10:40 INFO CSV Written | Epoch: 37
2026-03-06 18:10:40 INFO Epoch Done | Epoch: 37 | Time: 397.0348 | Train Loss: 0.3783 | Val Accuracy: 0.8273 | Val AUPRC: 0.9285 | Val Auroc: 0.9243 | Val F1: 0.8035 | Val Loss: 0.4964
2026-03-06 18:10:40 INFO Epoch Start | Epoch: 38
2026-03-06 18:11:03 INFO Epoch 38 | Step 1/108 | Loss 0.4219 | LR 9.7806e-05
2026-03-06 18:11:34 INFO Epoch 38 | Step 20/108 | Loss 0.3595 | LR 9.7782e-05
2026-03-06 18:12:05 INFO Epoch 38 | Step 40/108 | Loss 0.3791 | LR 9.7757e-05
2026-03-06 18:12:36 INFO Epoch 38 | Step 60/108 | Loss 0.3825 | LR 9.7732e-05
2026-03-06 18:13:07 INFO Epoch 38 | Step 80/108 | Loss 0.3770 | LR 9.7706e-05
2026-03-06 18:13:38 INFO Epoch 38 | Step 100/108 | Loss 0.3723 | LR 9.7680e-05
2026-03-06 18:13:50 INFO Epoch 38 | Step 108/108 | Loss 0.3676 | LR 9.7670e-05
2026-03-06 18:17:20 INFO CSV Written | Epoch: 38
2026-03-06 18:17:20 INFO Epoch Done | Epoch: 38 | Time: 400.5072 | Train Loss: 0.3676 | Val Accuracy: 0.8412 | Val AUPRC: 0.9324 | Val Auroc: 0.9308 | Val F1: 0.8247 | Val Loss: 0.4657
2026-03-06 18:17:20 INFO Epoch Start | Epoch: 39
2026-03-06 18:17:40 INFO Epoch 39 | Step 1/108 | Loss 0.2828 | LR 9.7668e-05
2026-03-06 18:18:10 INFO Epoch 39 | Step 20/108 | Loss 0.3558 | LR 9.7644e-05
2026-03-06 18:18:40 INFO Epoch 39 | Step 40/108 | Loss 0.3826 | LR 9.7618e-05
2026-03-06 18:19:11 INFO Epoch 39 | Step 60/108 | Loss 0.3718 | LR 9.7591e-05
2026-03-06 18:19:42 INFO Epoch 39 | Step 80/108 | Loss 0.3786 | LR 9.7565e-05
2026-03-06 18:20:12 INFO Epoch 39 | Step 100/108 | Loss 0.3762 | LR 9.7538e-05
2026-03-06 18:20:25 INFO Epoch 39 | Step 108/108 | Loss 0.3760 | LR 9.7528e-05
2026-03-06 18:23:47 INFO CSV Written | Epoch: 39
2026-03-06 18:23:47 INFO Epoch Done | Epoch: 39 | Time: 386.8103 | Train Loss: 0.3760 | Val Accuracy: 0.8358 | Val AUPRC: 0.9319 | Val Auroc: 0.9294 | Val F1: 0.8169 | Val Loss: 0.4930
2026-03-06 18:23:47 INFO Epoch Start | Epoch: 40
2026-03-06 18:24:17 INFO Epoch 40 | Step 1/108 | Loss 0.3353 | LR 9.7526e-05
2026-03-06 18:24:47 INFO Epoch 40 | Step 20/108 | Loss 0.3395 | LR 9.7501e-05
2026-03-06 18:25:17 INFO Epoch 40 | Step 40/108 | Loss 0.3555 | LR 9.7474e-05
2026-03-06 18:25:48 INFO Epoch 40 | Step 60/108 | Loss 0.3585 | LR 9.7447e-05
2026-03-06 18:26:19 INFO Epoch 40 | Step 80/108 | Loss 0.3591 | LR 9.7420e-05
2026-03-06 18:26:50 INFO Epoch 40 | Step 100/108 | Loss 0.3547 | LR 9.7392e-05
2026-03-06 18:27:02 INFO Epoch 40 | Step 108/108 | Loss 0.3550 | LR 9.7381e-05
2026-03-06 18:30:25 INFO CSV Written | Epoch: 40
2026-03-06 18:30:25 INFO Best Saved | Epoch: 40 | Monitor: val_auprc | Value: 0.9340
2026-03-06 18:30:25 INFO Epoch Done | Epoch: 40 | Time: 397.9738 | Train Loss: 0.3550 | Val Accuracy: 0.8322 | Val AUPRC: 0.9340 | Val Auroc: 0.9315 | Val F1: 0.8103 | Val Loss: 0.5051
2026-03-06 18:30:25 INFO Epoch Start | Epoch: 41
2026-03-06 18:31:15 INFO Epoch 41 | Step 1/108 | Loss 0.3496 | LR 9.7380e-05
2026-03-06 18:31:44 INFO Epoch 41 | Step 20/108 | Loss 0.3277 | LR 9.7354e-05
2026-03-06 18:32:15 INFO Epoch 41 | Step 40/108 | Loss 0.3460 | LR 9.7326e-05
2026-03-06 18:32:46 INFO Epoch 41 | Step 60/108 | Loss 0.3605 | LR 9.7298e-05
2026-03-06 18:33:16 INFO Epoch 41 | Step 80/108 | Loss 0.3714 | LR 9.7270e-05
2026-03-06 18:33:47 INFO Epoch 41 | Step 100/108 | Loss 0.3724 | LR 9.7242e-05
2026-03-06 18:33:59 INFO Epoch 41 | Step 108/108 | Loss 0.3771 | LR 9.7231e-05
2026-03-06 18:37:22 INFO CSV Written | Epoch: 41
2026-03-06 18:37:22 INFO Epoch Done | Epoch: 41 | Time: 416.2646 | Train Loss: 0.3771 | Val Accuracy: 0.8388 | Val AUPRC: 0.9335 | Val Auroc: 0.9314 | Val F1: 0.8208 | Val Loss: 0.4807
2026-03-06 18:37:22 INFO Epoch Start | Epoch: 42
2026-03-06 18:37:56 INFO Epoch 42 | Step 1/108 | Loss 0.2562 | LR 9.7230e-05
2026-03-06 18:38:25 INFO Epoch 42 | Step 20/108 | Loss 0.3500 | LR 9.7203e-05
2026-03-06 18:38:55 INFO Epoch 42 | Step 40/108 | Loss 0.3431 | LR 9.7174e-05
2026-03-06 18:39:26 INFO Epoch 42 | Step 60/108 | Loss 0.3463 | LR 9.7146e-05
2026-03-06 18:39:57 INFO Epoch 42 | Step 80/108 | Loss 0.3489 | LR 9.7117e-05
2026-03-06 18:40:28 INFO Epoch 42 | Step 100/108 | Loss 0.3488 | LR 9.7088e-05
2026-03-06 18:40:40 INFO Epoch 42 | Step 108/108 | Loss 0.3479 | LR 9.7077e-05
2026-03-06 18:44:03 INFO CSV Written | Epoch: 42
2026-03-06 18:44:03 INFO Epoch Done | Epoch: 42 | Time: 401.8471 | Train Loss: 0.3479 | Val Accuracy: 0.8428 | Val AUPRC: 0.9311 | Val Auroc: 0.9285 | Val F1: 0.8277 | Val Loss: 0.4801
2026-03-06 18:44:03 INFO Epoch Start | Epoch: 43
2026-03-06 18:44:46 INFO Epoch 43 | Step 1/108 | Loss 0.3571 | LR 9.7075e-05
2026-03-06 18:45:15 INFO Epoch 43 | Step 20/108 | Loss 0.3208 | LR 9.7048e-05
2026-03-06 18:45:45 INFO Epoch 43 | Step 40/108 | Loss 0.3373 | LR 9.7018e-05
2026-03-06 18:46:16 INFO Epoch 43 | Step 60/108 | Loss 0.3542 | LR 9.6989e-05
2026-03-06 18:46:47 INFO Epoch 43 | Step 80/108 | Loss 0.3550 | LR 9.6960e-05
2026-03-06 18:47:18 INFO Epoch 43 | Step 100/108 | Loss 0.3586 | LR 9.6930e-05
2026-03-06 18:47:30 INFO Epoch 43 | Step 108/108 | Loss 0.3606 | LR 9.6918e-05
2026-03-06 18:50:53 INFO CSV Written | Epoch: 43
2026-03-06 18:50:53 INFO Epoch Done | Epoch: 43 | Time: 409.4279 | Train Loss: 0.3606 | Val Accuracy: 0.8310 | Val AUPRC: 0.9311 | Val Auroc: 0.9284 | Val F1: 0.8103 | Val Loss: 0.4947
2026-03-06 18:50:53 INFO Epoch Start | Epoch: 44
2026-03-06 18:51:29 INFO Epoch 44 | Step 1/108 | Loss 0.3998 | LR 9.6917e-05
2026-03-06 18:51:59 INFO Epoch 44 | Step 20/108 | Loss 0.3378 | LR 9.6888e-05
2026-03-06 18:52:29 INFO Epoch 44 | Step 40/108 | Loss 0.3494 | LR 9.6858e-05
2026-03-06 18:53:00 INFO Epoch 44 | Step 60/108 | Loss 0.3643 | LR 9.6828e-05
2026-03-06 18:53:31 INFO Epoch 44 | Step 80/108 | Loss 0.3721 | LR 9.6798e-05
2026-03-06 18:54:02 INFO Epoch 44 | Step 100/108 | Loss 0.3645 | LR 9.6768e-05
2026-03-06 18:54:14 INFO Epoch 44 | Step 108/108 | Loss 0.3610 | LR 9.6756e-05
2026-03-06 18:57:37 INFO CSV Written | Epoch: 44
2026-03-06 18:57:37 INFO Epoch Done | Epoch: 44 | Time: 404.0078 | Train Loss: 0.3610 | Val Accuracy: 0.8470 | Val AUPRC: 0.9319 | Val Auroc: 0.9303 | Val F1: 0.8327 | Val Loss: 0.4847
2026-03-06 18:57:37 INFO Epoch Start | Epoch: 45
2026-03-06 18:58:14 INFO Epoch 45 | Step 1/108 | Loss 0.2410 | LR 9.6754e-05
2026-03-06 18:58:44 INFO Epoch 45 | Step 20/108 | Loss 0.3063 | LR 9.6725e-05
2026-03-06 18:59:15 INFO Epoch 45 | Step 40/108 | Loss 0.3271 | LR 9.6694e-05
2026-03-06 18:59:46 INFO Epoch 45 | Step 60/108 | Loss 0.3352 | LR 9.6664e-05
2026-03-06 19:00:16 INFO Epoch 45 | Step 80/108 | Loss 0.3403 | LR 9.6633e-05
2026-03-06 19:00:47 INFO Epoch 45 | Step 100/108 | Loss 0.3444 | LR 9.6602e-05
2026-03-06 19:00:59 INFO Epoch 45 | Step 108/108 | Loss 0.3468 | LR 9.6589e-05
2026-03-06 19:04:37 INFO CSV Written | Epoch: 45
2026-03-06 19:04:37 INFO Epoch Done | Epoch: 45 | Time: 419.7202 | Train Loss: 0.3468 | Val Accuracy: 0.8402 | Val AUPRC: 0.9306 | Val Auroc: 0.9300 | Val F1: 0.8232 | Val Loss: 0.4959
2026-03-06 19:04:37 INFO Epoch Start | Epoch: 46
2026-03-06 19:04:45 INFO Epoch 46 | Step 1/108 | Loss 0.2371 | LR 9.6588e-05
2026-03-06 19:05:14 INFO Epoch 46 | Step 20/108 | Loss 0.3202 | LR 9.6558e-05
2026-03-06 19:05:45 INFO Epoch 46 | Step 40/108 | Loss 0.3296 | LR 9.6526e-05
2026-03-06 19:06:15 INFO Epoch 46 | Step 60/108 | Loss 0.3259 | LR 9.6495e-05
2026-03-06 19:06:46 INFO Epoch 46 | Step 80/108 | Loss 0.3307 | LR 9.6463e-05
2026-03-06 19:07:17 INFO Epoch 46 | Step 100/108 | Loss 0.3310 | LR 9.6431e-05
2026-03-06 19:07:29 INFO Epoch 46 | Step 108/108 | Loss 0.3306 | LR 9.6419e-05
2026-03-06 19:10:55 INFO CSV Written | Epoch: 46
2026-03-06 19:10:55 INFO Epoch Done | Epoch: 46 | Time: 378.5550 | Train Loss: 0.3306 | Val Accuracy: 0.8421 | Val AUPRC: 0.9336 | Val Auroc: 0.9333 | Val F1: 0.8256 | Val Loss: 0.5036
2026-03-06 19:10:55 INFO Epoch Start | Epoch: 47
2026-03-06 19:11:10 INFO Epoch 47 | Step 1/108 | Loss 0.3574 | LR 9.6417e-05
2026-03-06 19:11:40 INFO Epoch 47 | Step 20/108 | Loss 0.3026 | LR 9.6387e-05
2026-03-06 19:12:10 INFO Epoch 47 | Step 40/108 | Loss 0.3179 | LR 9.6354e-05
2026-03-06 19:12:41 INFO Epoch 47 | Step 60/108 | Loss 0.3225 | LR 9.6322e-05
2026-03-06 19:13:12 INFO Epoch 47 | Step 80/108 | Loss 0.3273 | LR 9.6290e-05
2026-03-06 19:13:42 INFO Epoch 47 | Step 100/108 | Loss 0.3229 | LR 9.6257e-05
2026-03-06 19:13:55 INFO Epoch 47 | Step 108/108 | Loss 0.3264 | LR 9.6244e-05
2026-03-06 19:17:31 INFO CSV Written | Epoch: 47
2026-03-06 19:17:31 INFO Epoch Done | Epoch: 47 | Time: 396.0183 | Train Loss: 0.3264 | Val Accuracy: 0.8438 | Val AUPRC: 0.9307 | Val Auroc: 0.9305 | Val F1: 0.8276 | Val Loss: 0.5062
2026-03-06 19:17:31 INFO Epoch Start | Epoch: 48
2026-03-06 19:17:41 INFO Epoch 48 | Step 1/108 | Loss 0.2523 | LR 9.6242e-05
2026-03-06 19:18:10 INFO Epoch 48 | Step 20/108 | Loss 0.3196 | LR 9.6211e-05
2026-03-06 19:18:41 INFO Epoch 48 | Step 40/108 | Loss 0.3260 | LR 9.6178e-05
2026-03-06 19:19:12 INFO Epoch 48 | Step 60/108 | Loss 0.3262 | LR 9.6145e-05
2026-03-06 19:19:42 INFO Epoch 48 | Step 80/108 | Loss 0.3244 | LR 9.6112e-05
2026-03-06 19:20:13 INFO Epoch 48 | Step 100/108 | Loss 0.3231 | LR 9.6079e-05
2026-03-06 19:20:25 INFO Epoch 48 | Step 108/108 | Loss 0.3295 | LR 9.6065e-05
2026-03-06 19:23:50 INFO CSV Written | Epoch: 48
2026-03-06 19:23:50 INFO Epoch Done | Epoch: 48 | Time: 378.9587 | Train Loss: 0.3295 | Val Accuracy: 0.8447 | Val AUPRC: 0.9333 | Val Auroc: 0.9314 | Val F1: 0.8292 | Val Loss: 0.4899
2026-03-06 19:23:50 INFO Epoch Start | Epoch: 49
2026-03-06 19:24:24 INFO Epoch 49 | Step 1/108 | Loss 0.3414 | LR 9.6064e-05
2026-03-06 19:24:54 INFO Epoch 49 | Step 20/108 | Loss 0.3262 | LR 9.6032e-05
2026-03-06 19:25:25 INFO Epoch 49 | Step 40/108 | Loss 0.3265 | LR 9.5998e-05
2026-03-06 19:25:56 INFO Epoch 49 | Step 60/108 | Loss 0.3365 | LR 9.5965e-05
2026-03-06 19:26:26 INFO Epoch 49 | Step 80/108 | Loss 0.3389 | LR 9.5931e-05
2026-03-06 19:26:57 INFO Epoch 49 | Step 100/108 | Loss 0.3449 | LR 9.5897e-05
2026-03-06 19:27:09 INFO Epoch 49 | Step 108/108 | Loss 0.3445 | LR 9.5883e-05
2026-03-06 19:30:33 INFO CSV Written | Epoch: 49
2026-03-06 19:30:33 INFO Epoch Done | Epoch: 49 | Time: 403.1103 | Train Loss: 0.3445 | Val Accuracy: 0.8467 | Val AUPRC: 0.9326 | Val Auroc: 0.9319 | Val F1: 0.8326 | Val Loss: 0.5101
2026-03-06 19:30:33 INFO Epoch Start | Epoch: 50
2026-03-06 19:30:54 INFO Epoch 50 | Step 1/108 | Loss 0.2211 | LR 9.5881e-05
2026-03-06 19:31:23 INFO Epoch 50 | Step 20/108 | Loss 0.2888 | LR 9.5849e-05
2026-03-06 19:31:54 INFO Epoch 50 | Step 40/108 | Loss 0.2935 | LR 9.5814e-05
2026-03-06 19:32:24 INFO Epoch 50 | Step 60/108 | Loss 0.3010 | LR 9.5780e-05
2026-03-06 19:32:55 INFO Epoch 50 | Step 80/108 | Loss 0.3011 | LR 9.5745e-05
2026-03-06 19:33:25 INFO Epoch 50 | Step 100/108 | Loss 0.3014 | LR 9.5710e-05
2026-03-06 19:33:38 INFO Epoch 50 | Step 108/108 | Loss 0.3035 | LR 9.5697e-05
2026-03-06 19:37:00 INFO CSV Written | Epoch: 50
2026-03-06 19:37:00 INFO Epoch Done | Epoch: 50 | Time: 386.8470 | Train Loss: 0.3035 | Val Accuracy: 0.8367 | Val AUPRC: 0.9321 | Val Auroc: 0.9281 | Val F1: 0.8172 | Val Loss: 0.5133
2026-03-06 19:37:00 INFO Early Stop | Epoch: 50
2026-03-06 19:37:00 INFO Stage Done | Run Id: 20260306_133901
2026-03-06 19:37:34 INFO End Training
2026-03-06 19:37:34 INFO Begin Adaptation
2026-03-06 19:37:34 INFO Stage Start | Checkpoint: models/v4/train/20260306_133901/best_model.pth | Method: shot | Run Id: 20260306_133901
2026-03-06 19:37:34 INFO Checkpoint Loaded | Path: models/v4/train/20260306_133901/best_model.pth
2026-03-06 19:37:34 INFO Adapt Config | Beta: 0.3000 | Epochs: 15 | Target Split: test | Trainable Params: 7241984
[rank1]: Traceback (most recent call last):
[rank1]:   File "/public/home/wangar2023/.conda/envs/esm/lib/python3.10/runpy.py", line 196, in _run_module_as_main
[rank1]:     return _run_code(code, main_globals, None,
[rank1]:   File "/public/home/wangar2023/.conda/envs/esm/lib/python3.10/runpy.py", line 86, in _run_code
[rank1]:     exec(code, run_globals)
[rank1]:   File "/public/home/wangar2023/relic/src/run/__main__.py", line 8, in <module>
[rank1]:     main()
[rank1]:   File "/public/home/wangar2023/relic/src/run/__init__.py", line 58, in main
[rank1]:     execute_pipeline(config=config)
[rank1]:   File "/public/home/wangar2023/relic/src/run/__init__.py", line 38, in execute_pipeline
[rank1]:     _execute_pipeline_impl(
[rank1]:   File "/public/home/wangar2023/relic/src/run/pipeline_orchestrator.py", line 274, in execute_pipeline
[rank1]:     adapt_checkpoint_path = run_adaptation_stage_fn(
[rank1]:   File "/public/home/wangar2023/relic/src/run/stage_adapt.py", line 483, in run_shot_adaptation_stage
[rank1]:     centroids = _compute_global_centroids(
[rank1]:   File "/public/home/wangar2023/relic/src/run/stage_adapt.py", line 242, in _compute_global_centroids
[rank1]:     batch_feature_sums = probs.transpose(0, 1) @ features
[rank1]: RuntimeError: expected mat1 and mat2 to have the same dtype, but got: c10::Half != float
[rank2]: Traceback (most recent call last):
[rank2]:   File "/public/home/wangar2023/.conda/envs/esm/lib/python3.10/runpy.py", line 196, in _run_module_as_main
[rank2]:     return _run_code(code, main_globals, None,
[rank2]:   File "/public/home/wangar2023/.conda/envs/esm/lib/python3.10/runpy.py", line 86, in _run_code
[rank2]:     exec(code, run_globals)
[rank2]:   File "/public/home/wangar2023/relic/src/run/__main__.py", line 8, in <module>
[rank2]:     main()
[rank2]:   File "/public/home/wangar2023/relic/src/run/__init__.py", line 58, in main
[rank2]:     execute_pipeline(config=config)
[rank2]:   File "/public/home/wangar2023/relic/src/run/__init__.py", line 38, in execute_pipeline
[rank2]:     _execute_pipeline_impl(
[rank2]:   File "/public/home/wangar2023/relic/src/run/pipeline_orchestrator.py", line 274, in execute_pipeline
[rank2]:     adapt_checkpoint_path = run_adaptation_stage_fn(
[rank2]:   File "/public/home/wangar2023/relic/src/run/stage_adapt.py", line 483, in run_shot_adaptation_stage
[rank2]:     centroids = _compute_global_centroids(
[rank2]:   File "/public/home/wangar2023/relic/src/run/stage_adapt.py", line 242, in _compute_global_centroids
[rank2]:     batch_feature_sums = probs.transpose(0, 1) @ features
[rank2]: RuntimeError: expected mat1 and mat2 to have the same dtype, but got: c10::Half != float
[rank3]: Traceback (most recent call last):
[rank3]:   File "/public/home/wangar2023/.conda/envs/esm/lib/python3.10/runpy.py", line 196, in _run_module_as_main
[rank3]:     return _run_code(code, main_globals, None,
[rank3]:   File "/public/home/wangar2023/.conda/envs/esm/lib/python3.10/runpy.py", line 86, in _run_code
[rank3]:     exec(code, run_globals)
[rank3]:   File "/public/home/wangar2023/relic/src/run/__main__.py", line 8, in <module>
[rank3]:     main()
[rank3]:   File "/public/home/wangar2023/relic/src/run/__init__.py", line 58, in main
[rank3]:     execute_pipeline(config=config)
[rank3]:   File "/public/home/wangar2023/relic/src/run/__init__.py", line 38, in execute_pipeline
[rank3]:     _execute_pipeline_impl(
[rank3]:   File "/public/home/wangar2023/relic/src/run/pipeline_orchestrator.py", line 274, in execute_pipeline
[rank3]:     adapt_checkpoint_path = run_adaptation_stage_fn(
[rank3]:   File "/public/home/wangar2023/relic/src/run/stage_adapt.py", line 483, in run_shot_adaptation_stage
[rank3]:     centroids = _compute_global_centroids(
[rank3]:   File "/public/home/wangar2023/relic/src/run/stage_adapt.py", line 242, in _compute_global_centroids
[rank3]:     batch_feature_sums = probs.transpose(0, 1) @ features
[rank3]: RuntimeError: expected mat1 and mat2 to have the same dtype, but got: c10::Half != float
[rank0]: Traceback (most recent call last):
[rank0]:   File "/public/home/wangar2023/.conda/envs/esm/lib/python3.10/runpy.py", line 196, in _run_module_as_main
[rank0]:     return _run_code(code, main_globals, None,
[rank0]:   File "/public/home/wangar2023/.conda/envs/esm/lib/python3.10/runpy.py", line 86, in _run_code
[rank0]:     exec(code, run_globals)
[rank0]:   File "/public/home/wangar2023/relic/src/run/__main__.py", line 8, in <module>
[rank0]:     main()
[rank0]:   File "/public/home/wangar2023/relic/src/run/__init__.py", line 58, in main
[rank0]:     execute_pipeline(config=config)
[rank0]:   File "/public/home/wangar2023/relic/src/run/__init__.py", line 38, in execute_pipeline
[rank0]:     _execute_pipeline_impl(
[rank0]:   File "/public/home/wangar2023/relic/src/run/pipeline_orchestrator.py", line 274, in execute_pipeline
[rank0]:     adapt_checkpoint_path = run_adaptation_stage_fn(
[rank0]:   File "/public/home/wangar2023/relic/src/run/stage_adapt.py", line 483, in run_shot_adaptation_stage
[rank0]:     centroids = _compute_global_centroids(
[rank0]:   File "/public/home/wangar2023/relic/src/run/stage_adapt.py", line 242, in _compute_global_centroids
[rank0]:     batch_feature_sums = probs.transpose(0, 1) @ features
[rank0]: RuntimeError: expected mat1 and mat2 to have the same dtype, but got: c10::Half != float
W0306 19:37:46.832000 13800 site-packages/torch/distributed/elastic/multiprocessing/api.py:900] Sending process 14284 closing signal SIGTERM
W0306 19:37:46.836000 13800 site-packages/torch/distributed/elastic/multiprocessing/api.py:900] Sending process 14285 closing signal SIGTERM
W0306 19:37:46.837000 13800 site-packages/torch/distributed/elastic/multiprocessing/api.py:900] Sending process 14286 closing signal SIGTERM
E0306 19:37:55.293000 13800 site-packages/torch/distributed/elastic/multiprocessing/api.py:874] failed (exitcode: 1) local_rank: 0 (pid: 14283) of binary: /public/home/wangar2023/.conda/envs/esm/bin/python3.1
Traceback (most recent call last):
  File "/public/home/wangar2023/.conda/envs/esm/bin/torchrun", line 7, in <module>
    sys.exit(main())
  File "/public/home/wangar2023/.conda/envs/esm/lib/python3.10/site-packages/torch/distributed/elastic/multiprocessing/errors/__init__.py", line 357, in wrapper
    return f(*args, **kwargs)
  File "/public/home/wangar2023/.conda/envs/esm/lib/python3.10/site-packages/torch/distributed/run.py", line 901, in main
    run(args)
  File "/public/home/wangar2023/.conda/envs/esm/lib/python3.10/site-packages/torch/distributed/run.py", line 892, in run
    elastic_launch(
  File "/public/home/wangar2023/.conda/envs/esm/lib/python3.10/site-packages/torch/distributed/launcher/api.py", line 143, in __call__
    return launch_agent(self._config, self._entrypoint, list(args))
  File "/public/home/wangar2023/.conda/envs/esm/lib/python3.10/site-packages/torch/distributed/launcher/api.py", line 277, in launch_agent
    raise ChildFailedError(
torch.distributed.elastic.multiprocessing.errors.ChildFailedError: 
============================================================
src.run FAILED
------------------------------------------------------------
Failures:
  <NO_OTHER_FAILURES>
------------------------------------------------------------
Root Cause (first observed failure):
[0]:
  time      : 2026-03-06_19:37:46
  host      : sist-a40-08
  rank      : 0 (local_rank: 0)
  exitcode  : 1 (pid: 14283)
  error_file: <N/A>
  traceback : To enable traceback see: https://pytorch.org/docs/stable/elastic/errors.html
============================================================
