W0308 00:28:45.625000 142686 site-packages/torch/distributed/run.py:774] 
W0308 00:28:45.625000 142686 site-packages/torch/distributed/run.py:774] *****************************************
W0308 00:28:45.625000 142686 site-packages/torch/distributed/run.py:774] Setting OMP_NUM_THREADS environment variable for each process to be 1 in default, to avoid your system being overloaded, please further tune the variable for optimal performance in your application as needed. 
W0308 00:28:45.625000 142686 site-packages/torch/distributed/run.py:774] *****************************************
INFO:src.run:Loaded config: configs/v3.yaml
INFO:src.utils.distributed:Initialized distributed process group (backend=nccl rank=0 local_rank=0 world_size=4).
2026-03-08 00:29:06 INFO Startup | Rank: 0 | Run Id: 20260308_002906 | Seed: 47 | Stages: ['train', 'evaluate'] | World Size: 4
2026-03-08 00:29:06 INFO Startup | Rank: 0 | Run Id: 20260308_002906 | Seed: 47 | Stages: ['train', 'evaluate'] | World Size: 4
2026-03-08 00:29:06 INFO Startup | Rank: 0 | Run Id: 20260308_002906 | Seed: 47 | Stages: ['train', 'evaluate'] | World Size: 4
2026-03-08 00:29:06 INFO Device | Resolved Device: cuda:0
2026-03-08 00:29:06 INFO Device | Resolved Device: cuda:0
2026-03-08 00:29:06 INFO Device | Resolved Device: cuda:0
[rank1]:[W308 00:29:06.170251066 ProcessGroupNCCL.cpp:5023] [PG ID 0 PG GUID 0 Rank 1]  using GPU 1 as device used by this process is currently unknown. This can potentially cause a hang if this rank to GPU mapping is incorrect. You can specify device_id in init_process_group() to force use of a particular device.
[rank3]:[W308 00:29:06.171681013 ProcessGroupNCCL.cpp:5023] [PG ID 0 PG GUID 0 Rank 3]  using GPU 3 as device used by this process is currently unknown. This can potentially cause a hang if this rank to GPU mapping is incorrect. You can specify device_id in init_process_group() to force use of a particular device.
[rank2]:[W308 00:29:06.171841045 ProcessGroupNCCL.cpp:5023] [PG ID 0 PG GUID 0 Rank 2]  using GPU 2 as device used by this process is currently unknown. This can potentially cause a hang if this rank to GPU mapping is incorrect. You can specify device_id in init_process_group() to force use of a particular device.
WARNING:py.warnings:/public/home/wangar2023/.conda/envs/esm/lib/python3.10/site-packages/torch/distributed/distributed_c10d.py:4807: UserWarning: No device id is provided via `init_process_group` or `barrier `. Using the current device set by the user. 
  warnings.warn(  # warn only once

[rank0]:[W308 00:29:06.177599901 ProcessGroupNCCL.cpp:5023] [PG ID 0 PG GUID 0 Rank 0]  using GPU 0 as device used by this process is currently unknown. This can potentially cause a hang if this rank to GPU mapping is incorrect. You can specify device_id in init_process_group() to force use of a particular device.
2026-03-08 00:34:38 INFO Data Ready | Test: 54126 | Train: 97555 | Valid: 24389
2026-03-08 00:34:38 INFO Data Ready | Test: 54126 | Train: 97555 | Valid: 24389
2026-03-08 00:34:38 INFO Data Ready | Test: 54126 | Train: 97555 | Valid: 24389
2026-03-08 00:34:39 INFO Model Init | Model: v3 | Params: 26439937
2026-03-08 00:34:50 INFO DDP Ready | Wrapped: True
2026-03-08 00:34:50 INFO DDP Ready | Wrapped: True
2026-03-08 00:34:50 INFO DDP Ready | Wrapped: True
2026-03-08 00:34:50 INFO Begin Training
2026-03-08 00:34:50 INFO Stage Start | Run Id: 20260308_002906
2026-03-08 00:34:50 INFO Train Config | Epochs: 50 | Monitor: auprc | Patience: 10
2026-03-08 00:34:50 INFO Epoch Start | Epoch: 1
2026-03-08 00:34:56 INFO Epoch 1 | Step 1/812 | Loss 0.5776 | LR 4.0000e-06
2026-03-08 00:35:07 INFO Epoch 1 | Step 20/812 | Loss 0.7575 | LR 4.0058e-06
2026-03-08 00:35:18 INFO Epoch 1 | Step 40/812 | Loss 0.7468 | LR 4.0230e-06
2026-03-08 00:35:29 INFO Epoch 1 | Step 60/812 | Loss 0.7478 | LR 4.0517e-06
2026-03-08 00:35:40 INFO Epoch 1 | Step 80/812 | Loss 0.7443 | LR 4.0920e-06
2026-03-08 00:35:51 INFO Epoch 1 | Step 100/812 | Loss 0.7398 | LR 4.1437e-06
2026-03-08 00:36:01 INFO Epoch 1 | Step 120/812 | Loss 0.7394 | LR 4.2069e-06
2026-03-08 00:36:12 INFO Epoch 1 | Step 140/812 | Loss 0.7377 | LR 4.2815e-06
2026-03-08 00:36:23 INFO Epoch 1 | Step 160/812 | Loss 0.7367 | LR 4.3676e-06
2026-03-08 00:36:34 INFO Epoch 1 | Step 180/812 | Loss 0.7364 | LR 4.4651e-06
2026-03-08 00:36:44 INFO Epoch 1 | Step 200/812 | Loss 0.7351 | LR 4.5739e-06
2026-03-08 00:36:55 INFO Epoch 1 | Step 220/812 | Loss 0.7341 | LR 4.6942e-06
2026-03-08 00:37:06 INFO Epoch 1 | Step 240/812 | Loss 0.7324 | LR 4.8257e-06
2026-03-08 00:37:17 INFO Epoch 1 | Step 260/812 | Loss 0.7314 | LR 4.9686e-06
2026-03-08 00:37:28 INFO Epoch 1 | Step 280/812 | Loss 0.7302 | LR 5.1228e-06
2026-03-08 00:37:39 INFO Epoch 1 | Step 300/812 | Loss 0.7288 | LR 5.2881e-06
2026-03-08 00:37:49 INFO Epoch 1 | Step 320/812 | Loss 0.7279 | LR 5.4647e-06
2026-03-08 00:38:00 INFO Epoch 1 | Step 340/812 | Loss 0.7272 | LR 5.6524e-06
2026-03-08 00:38:11 INFO Epoch 1 | Step 360/812 | Loss 0.7266 | LR 5.8513e-06
2026-03-08 00:38:22 INFO Epoch 1 | Step 380/812 | Loss 0.7261 | LR 6.0611e-06
2026-03-08 00:38:33 INFO Epoch 1 | Step 400/812 | Loss 0.7252 | LR 6.2820e-06
2026-03-08 00:38:44 INFO Epoch 1 | Step 420/812 | Loss 0.7241 | LR 6.5139e-06
2026-03-08 00:38:54 INFO Epoch 1 | Step 440/812 | Loss 0.7231 | LR 6.7566e-06
2026-03-08 00:39:05 INFO Epoch 1 | Step 460/812 | Loss 0.7225 | LR 7.0102e-06
2026-03-08 00:39:16 INFO Epoch 1 | Step 480/812 | Loss 0.7220 | LR 7.2746e-06
2026-03-08 00:39:27 INFO Epoch 1 | Step 500/812 | Loss 0.7216 | LR 7.5497e-06
2026-03-08 00:39:38 INFO Epoch 1 | Step 520/812 | Loss 0.7210 | LR 7.8354e-06
2026-03-08 00:39:48 INFO Epoch 1 | Step 540/812 | Loss 0.7201 | LR 8.1317e-06
2026-03-08 00:39:59 INFO Epoch 1 | Step 560/812 | Loss 0.7199 | LR 8.4385e-06
2026-03-08 00:40:10 INFO Epoch 1 | Step 580/812 | Loss 0.7191 | LR 8.7558e-06
2026-03-08 00:40:21 INFO Epoch 1 | Step 600/812 | Loss 0.7186 | LR 9.0834e-06
2026-03-08 00:40:32 INFO Epoch 1 | Step 620/812 | Loss 0.7182 | LR 9.4213e-06
2026-03-08 00:40:42 INFO Epoch 1 | Step 640/812 | Loss 0.7170 | LR 9.7694e-06
2026-03-08 00:40:53 INFO Epoch 1 | Step 660/812 | Loss 0.7162 | LR 1.0128e-05
2026-03-08 00:41:04 INFO Epoch 1 | Step 680/812 | Loss 0.7152 | LR 1.0496e-05
2026-03-08 00:41:15 INFO Epoch 1 | Step 700/812 | Loss 0.7139 | LR 1.0874e-05
2026-03-08 00:41:26 INFO Epoch 1 | Step 720/812 | Loss 0.7131 | LR 1.1262e-05
2026-03-08 00:41:36 INFO Epoch 1 | Step 740/812 | Loss 0.7121 | LR 1.1660e-05
2026-03-08 00:41:47 INFO Epoch 1 | Step 760/812 | Loss 0.7110 | LR 1.2068e-05
2026-03-08 00:41:58 INFO Epoch 1 | Step 780/812 | Loss 0.7099 | LR 1.2485e-05
2026-03-08 00:42:08 INFO Epoch 1 | Step 800/812 | Loss 0.7079 | LR 1.2911e-05
2026-03-08 00:42:15 INFO Epoch 1 | Step 812/812 | Loss 0.7065 | LR 1.3172e-05
2026-03-08 00:46:35 INFO CSV Written | Epoch: 1
2026-03-08 00:46:36 INFO Best Saved | Epoch: 1 | Monitor: val_auprc | Value: 0.7177
2026-03-08 00:46:36 INFO Epoch Done | Epoch: 1 | Time: 705.0370 | Train Loss: 0.7065 | Val Accuracy: 0.6688 | Val AUPRC: 0.7177 | Val Auroc: 0.7345 | Val F1: 0.6813 | Val Loss: 0.6154
2026-03-08 00:46:36 INFO Epoch Start | Epoch: 2
2026-03-08 00:46:39 INFO Epoch 2 | Step 1/812 | Loss 0.5520 | LR 1.3193e-05
2026-03-08 00:46:49 INFO Epoch 2 | Step 20/812 | Loss 0.6163 | LR 1.3613e-05
2026-03-08 00:47:00 INFO Epoch 2 | Step 40/812 | Loss 0.6301 | LR 1.4064e-05
2026-03-08 00:47:11 INFO Epoch 2 | Step 60/812 | Loss 0.6262 | LR 1.4523e-05
2026-03-08 00:47:22 INFO Epoch 2 | Step 80/812 | Loss 0.6268 | LR 1.4992e-05
2026-03-08 00:47:33 INFO Epoch 2 | Step 100/812 | Loss 0.6277 | LR 1.5470e-05
2026-03-08 00:47:44 INFO Epoch 2 | Step 120/812 | Loss 0.6213 | LR 1.5956e-05
2026-03-08 00:47:54 INFO Epoch 2 | Step 140/812 | Loss 0.6154 | LR 1.6451e-05
2026-03-08 00:48:05 INFO Epoch 2 | Step 160/812 | Loss 0.6132 | LR 1.6955e-05
2026-03-08 00:48:16 INFO Epoch 2 | Step 180/812 | Loss 0.6099 | LR 1.7467e-05
2026-03-08 00:48:27 INFO Epoch 2 | Step 200/812 | Loss 0.6094 | LR 1.7987e-05
2026-03-08 00:48:37 INFO Epoch 2 | Step 220/812 | Loss 0.6091 | LR 1.8515e-05
2026-03-08 00:48:48 INFO Epoch 2 | Step 240/812 | Loss 0.6078 | LR 1.9051e-05
2026-03-08 00:48:59 INFO Epoch 2 | Step 260/812 | Loss 0.6070 | LR 1.9596e-05
2026-03-08 00:49:10 INFO Epoch 2 | Step 280/812 | Loss 0.6054 | LR 2.0148e-05
2026-03-08 00:49:20 INFO Epoch 2 | Step 300/812 | Loss 0.6044 | LR 2.0707e-05
2026-03-08 00:49:31 INFO Epoch 2 | Step 320/812 | Loss 0.6021 | LR 2.1274e-05
2026-03-08 00:49:42 INFO Epoch 2 | Step 340/812 | Loss 0.5988 | LR 2.1849e-05
2026-03-08 00:49:52 INFO Epoch 2 | Step 360/812 | Loss 0.5980 | LR 2.2431e-05
2026-03-08 00:50:03 INFO Epoch 2 | Step 380/812 | Loss 0.5954 | LR 2.3020e-05
2026-03-08 00:50:14 INFO Epoch 2 | Step 400/812 | Loss 0.5948 | LR 2.3615e-05
2026-03-08 00:50:24 INFO Epoch 2 | Step 420/812 | Loss 0.5944 | LR 2.4218e-05
2026-03-08 00:50:35 INFO Epoch 2 | Step 440/812 | Loss 0.5910 | LR 2.4827e-05
2026-03-08 00:50:46 INFO Epoch 2 | Step 460/812 | Loss 0.5893 | LR 2.5443e-05
2026-03-08 00:50:57 INFO Epoch 2 | Step 480/812 | Loss 0.5862 | LR 2.6065e-05
2026-03-08 00:51:08 INFO Epoch 2 | Step 500/812 | Loss 0.5840 | LR 2.6693e-05
2026-03-08 00:51:19 INFO Epoch 2 | Step 520/812 | Loss 0.5825 | LR 2.7328e-05
2026-03-08 00:51:29 INFO Epoch 2 | Step 540/812 | Loss 0.5816 | LR 2.7968e-05
2026-03-08 00:51:40 INFO Epoch 2 | Step 560/812 | Loss 0.5791 | LR 2.8614e-05
2026-03-08 00:51:51 INFO Epoch 2 | Step 580/812 | Loss 0.5768 | LR 2.9266e-05
2026-03-08 00:52:02 INFO Epoch 2 | Step 600/812 | Loss 0.5743 | LR 2.9923e-05
2026-03-08 00:52:13 INFO Epoch 2 | Step 620/812 | Loss 0.5715 | LR 3.0585e-05
2026-03-08 00:52:23 INFO Epoch 2 | Step 640/812 | Loss 0.5699 | LR 3.1253e-05
2026-03-08 00:52:34 INFO Epoch 2 | Step 660/812 | Loss 0.5676 | LR 3.1925e-05
2026-03-08 00:52:45 INFO Epoch 2 | Step 680/812 | Loss 0.5668 | LR 3.2602e-05
2026-03-08 00:52:56 INFO Epoch 2 | Step 700/812 | Loss 0.5655 | LR 3.3284e-05
2026-03-08 00:53:06 INFO Epoch 2 | Step 720/812 | Loss 0.5627 | LR 3.3971e-05
2026-03-08 00:53:17 INFO Epoch 2 | Step 740/812 | Loss 0.5621 | LR 3.4661e-05
2026-03-08 00:53:28 INFO Epoch 2 | Step 760/812 | Loss 0.5606 | LR 3.5356e-05
2026-03-08 00:53:39 INFO Epoch 2 | Step 780/812 | Loss 0.5603 | LR 3.6055e-05
2026-03-08 00:53:49 INFO Epoch 2 | Step 800/812 | Loss 0.5597 | LR 3.6758e-05
2026-03-08 00:53:56 INFO Epoch 2 | Step 812/812 | Loss 0.5593 | LR 3.7181e-05
2026-03-08 00:58:29 INFO CSV Written | Epoch: 2
2026-03-08 00:58:30 INFO Best Saved | Epoch: 2 | Monitor: val_auprc | Value: 0.8573
2026-03-08 00:58:30 INFO Epoch Done | Epoch: 2 | Time: 713.8104 | Train Loss: 0.5593 | Val Accuracy: 0.7813 | Val AUPRC: 0.8573 | Val Auroc: 0.8616 | Val F1: 0.7821 | Val Loss: 0.4912
2026-03-08 00:58:30 INFO Epoch Start | Epoch: 3
2026-03-08 00:58:33 INFO Epoch 3 | Step 1/812 | Loss 0.3631 | LR 3.7217e-05
2026-03-08 00:58:44 INFO Epoch 3 | Step 20/812 | Loss 0.4746 | LR 3.7890e-05
2026-03-08 00:58:54 INFO Epoch 3 | Step 40/812 | Loss 0.4713 | LR 3.8602e-05
2026-03-08 00:59:05 INFO Epoch 3 | Step 60/812 | Loss 0.4898 | LR 3.9317e-05
2026-03-08 00:59:16 INFO Epoch 3 | Step 80/812 | Loss 0.4834 | LR 4.0035e-05
2026-03-08 00:59:27 INFO Epoch 3 | Step 100/812 | Loss 0.4918 | LR 4.0756e-05
2026-03-08 00:59:38 INFO Epoch 3 | Step 120/812 | Loss 0.4881 | LR 4.1479e-05
2026-03-08 00:59:49 INFO Epoch 3 | Step 140/812 | Loss 0.4906 | LR 4.2206e-05
2026-03-08 00:59:59 INFO Epoch 3 | Step 160/812 | Loss 0.4924 | LR 4.2934e-05
2026-03-08 01:00:10 INFO Epoch 3 | Step 180/812 | Loss 0.4935 | LR 4.3665e-05
2026-03-08 01:00:21 INFO Epoch 3 | Step 200/812 | Loss 0.4939 | LR 4.4398e-05
2026-03-08 01:00:32 INFO Epoch 3 | Step 220/812 | Loss 0.4945 | LR 4.5132e-05
2026-03-08 01:00:42 INFO Epoch 3 | Step 240/812 | Loss 0.4967 | LR 4.5868e-05
2026-03-08 01:00:53 INFO Epoch 3 | Step 260/812 | Loss 0.4956 | LR 4.6606e-05
2026-03-08 01:01:04 INFO Epoch 3 | Step 280/812 | Loss 0.4939 | LR 4.7345e-05
2026-03-08 01:01:14 INFO Epoch 3 | Step 300/812 | Loss 0.4928 | LR 4.8085e-05
2026-03-08 01:01:25 INFO Epoch 3 | Step 320/812 | Loss 0.4905 | LR 4.8826e-05
2026-03-08 01:01:36 INFO Epoch 3 | Step 340/812 | Loss 0.4905 | LR 4.9568e-05
2026-03-08 01:01:46 INFO Epoch 3 | Step 360/812 | Loss 0.4903 | LR 5.0310e-05
2026-03-08 01:01:57 INFO Epoch 3 | Step 380/812 | Loss 0.4901 | LR 5.1053e-05
2026-03-08 01:02:08 INFO Epoch 3 | Step 400/812 | Loss 0.4904 | LR 5.1796e-05
2026-03-08 01:02:19 INFO Epoch 3 | Step 420/812 | Loss 0.4892 | LR 5.2539e-05
2026-03-08 01:02:29 INFO Epoch 3 | Step 440/812 | Loss 0.4885 | LR 5.3282e-05
2026-03-08 01:02:40 INFO Epoch 3 | Step 460/812 | Loss 0.4878 | LR 5.4024e-05
2026-03-08 01:02:51 INFO Epoch 3 | Step 480/812 | Loss 0.4871 | LR 5.4766e-05
2026-03-08 01:03:02 INFO Epoch 3 | Step 500/812 | Loss 0.4861 | LR 5.5508e-05
2026-03-08 01:03:12 INFO Epoch 3 | Step 520/812 | Loss 0.4854 | LR 5.6248e-05
2026-03-08 01:03:23 INFO Epoch 3 | Step 540/812 | Loss 0.4833 | LR 5.6988e-05
2026-03-08 01:03:34 INFO Epoch 3 | Step 560/812 | Loss 0.4830 | LR 5.7726e-05
2026-03-08 01:03:44 INFO Epoch 3 | Step 580/812 | Loss 0.4828 | LR 5.8463e-05
2026-03-08 01:03:55 INFO Epoch 3 | Step 600/812 | Loss 0.4820 | LR 5.9199e-05
2026-03-08 01:04:06 INFO Epoch 3 | Step 620/812 | Loss 0.4819 | LR 5.9932e-05
2026-03-08 01:04:17 INFO Epoch 3 | Step 640/812 | Loss 0.4807 | LR 6.0664e-05
2026-03-08 01:04:28 INFO Epoch 3 | Step 660/812 | Loss 0.4797 | LR 6.1394e-05
2026-03-08 01:04:38 INFO Epoch 3 | Step 680/812 | Loss 0.4798 | LR 6.2121e-05
2026-03-08 01:04:49 INFO Epoch 3 | Step 700/812 | Loss 0.4788 | LR 6.2847e-05
2026-03-08 01:05:00 INFO Epoch 3 | Step 720/812 | Loss 0.4776 | LR 6.3569e-05
2026-03-08 01:05:10 INFO Epoch 3 | Step 740/812 | Loss 0.4774 | LR 6.4289e-05
2026-03-08 01:05:21 INFO Epoch 3 | Step 760/812 | Loss 0.4764 | LR 6.5005e-05
2026-03-08 01:05:32 INFO Epoch 3 | Step 780/812 | Loss 0.4767 | LR 6.5719e-05
2026-03-08 01:05:43 INFO Epoch 3 | Step 800/812 | Loss 0.4758 | LR 6.6429e-05
2026-03-08 01:05:49 INFO Epoch 3 | Step 812/812 | Loss 0.4755 | LR 6.6854e-05
2026-03-08 01:10:16 INFO CSV Written | Epoch: 3
2026-03-08 01:10:16 INFO Best Saved | Epoch: 3 | Monitor: val_auprc | Value: 0.8911
2026-03-08 01:10:16 INFO Epoch Done | Epoch: 3 | Time: 706.0911 | Train Loss: 0.4755 | Val Accuracy: 0.8095 | Val AUPRC: 0.8911 | Val Auroc: 0.8924 | Val F1: 0.8043 | Val Loss: 0.4530
2026-03-08 01:10:16 INFO Epoch Start | Epoch: 4
2026-03-08 01:10:25 INFO Epoch 4 | Step 1/812 | Loss 0.4315 | LR 6.6889e-05
2026-03-08 01:10:35 INFO Epoch 4 | Step 20/812 | Loss 0.3911 | LR 6.7559e-05
2026-03-08 01:10:46 INFO Epoch 4 | Step 40/812 | Loss 0.4205 | LR 6.8260e-05
2026-03-08 01:10:57 INFO Epoch 4 | Step 60/812 | Loss 0.4218 | LR 6.8957e-05
2026-03-08 01:11:08 INFO Epoch 4 | Step 80/812 | Loss 0.4363 | LR 6.9650e-05
2026-03-08 01:11:18 INFO Epoch 4 | Step 100/812 | Loss 0.4382 | LR 7.0339e-05
2026-03-08 01:11:29 INFO Epoch 4 | Step 120/812 | Loss 0.4347 | LR 7.1023e-05
2026-03-08 01:11:40 INFO Epoch 4 | Step 140/812 | Loss 0.4374 | LR 7.1703e-05
2026-03-08 01:11:50 INFO Epoch 4 | Step 160/812 | Loss 0.4378 | LR 7.2378e-05
2026-03-08 01:12:01 INFO Epoch 4 | Step 180/812 | Loss 0.4382 | LR 7.3048e-05
2026-03-08 01:12:12 INFO Epoch 4 | Step 200/812 | Loss 0.4364 | LR 7.3714e-05
2026-03-08 01:12:22 INFO Epoch 4 | Step 220/812 | Loss 0.4369 | LR 7.4374e-05
2026-03-08 01:12:33 INFO Epoch 4 | Step 240/812 | Loss 0.4365 | LR 7.5028e-05
2026-03-08 01:12:44 INFO Epoch 4 | Step 260/812 | Loss 0.4399 | LR 7.5678e-05
2026-03-08 01:12:55 INFO Epoch 4 | Step 280/812 | Loss 0.4393 | LR 7.6321e-05
2026-03-08 01:13:06 INFO Epoch 4 | Step 300/812 | Loss 0.4375 | LR 7.6959e-05
2026-03-08 01:13:16 INFO Epoch 4 | Step 320/812 | Loss 0.4367 | LR 7.7590e-05
2026-03-08 01:13:27 INFO Epoch 4 | Step 340/812 | Loss 0.4358 | LR 7.8216e-05
2026-03-08 01:13:38 INFO Epoch 4 | Step 360/812 | Loss 0.4367 | LR 7.8835e-05
2026-03-08 01:13:48 INFO Epoch 4 | Step 380/812 | Loss 0.4364 | LR 7.9448e-05
2026-03-08 01:13:59 INFO Epoch 4 | Step 400/812 | Loss 0.4350 | LR 8.0054e-05
2026-03-08 01:14:10 INFO Epoch 4 | Step 420/812 | Loss 0.4345 | LR 8.0654e-05
2026-03-08 01:14:20 INFO Epoch 4 | Step 440/812 | Loss 0.4349 | LR 8.1246e-05
2026-03-08 01:14:31 INFO Epoch 4 | Step 460/812 | Loss 0.4350 | LR 8.1832e-05
2026-03-08 01:14:42 INFO Epoch 4 | Step 480/812 | Loss 0.4353 | LR 8.2410e-05
2026-03-08 01:14:53 INFO Epoch 4 | Step 500/812 | Loss 0.4358 | LR 8.2982e-05
2026-03-08 01:15:03 INFO Epoch 4 | Step 520/812 | Loss 0.4357 | LR 8.3545e-05
2026-03-08 01:15:14 INFO Epoch 4 | Step 540/812 | Loss 0.4347 | LR 8.4102e-05
2026-03-08 01:15:25 INFO Epoch 4 | Step 560/812 | Loss 0.4354 | LR 8.4650e-05
2026-03-08 01:15:36 INFO Epoch 4 | Step 580/812 | Loss 0.4364 | LR 8.5191e-05
2026-03-08 01:15:46 INFO Epoch 4 | Step 600/812 | Loss 0.4357 | LR 8.5724e-05
2026-03-08 01:15:57 INFO Epoch 4 | Step 620/812 | Loss 0.4348 | LR 8.6248e-05
2026-03-08 01:16:08 INFO Epoch 4 | Step 640/812 | Loss 0.4341 | LR 8.6765e-05
2026-03-08 01:16:19 INFO Epoch 4 | Step 660/812 | Loss 0.4345 | LR 8.7273e-05
2026-03-08 01:16:30 INFO Epoch 4 | Step 680/812 | Loss 0.4337 | LR 8.7773e-05
2026-03-08 01:16:40 INFO Epoch 4 | Step 700/812 | Loss 0.4330 | LR 8.8264e-05
2026-03-08 01:16:51 INFO Epoch 4 | Step 720/812 | Loss 0.4327 | LR 8.8746e-05
2026-03-08 01:17:02 INFO Epoch 4 | Step 740/812 | Loss 0.4328 | LR 8.9220e-05
2026-03-08 01:17:13 INFO Epoch 4 | Step 760/812 | Loss 0.4328 | LR 8.9685e-05
2026-03-08 01:17:23 INFO Epoch 4 | Step 780/812 | Loss 0.4329 | LR 9.0140e-05
2026-03-08 01:17:34 INFO Epoch 4 | Step 800/812 | Loss 0.4330 | LR 9.0587e-05
2026-03-08 01:17:40 INFO Epoch 4 | Step 812/812 | Loss 0.4332 | LR 9.0850e-05
2026-03-08 01:22:20 INFO CSV Written | Epoch: 4
2026-03-08 01:22:20 INFO Best Saved | Epoch: 4 | Monitor: val_auprc | Value: 0.9110
2026-03-08 01:22:20 INFO Epoch Done | Epoch: 4 | Time: 723.6510 | Train Loss: 0.4332 | Val Accuracy: 0.8234 | Val AUPRC: 0.9110 | Val Auroc: 0.9122 | Val F1: 0.8158 | Val Loss: 0.4244
2026-03-08 01:22:20 INFO Epoch Start | Epoch: 5
2026-03-08 01:22:23 INFO Epoch 5 | Step 1/812 | Loss 0.3388 | LR 9.0872e-05
2026-03-08 01:22:33 INFO Epoch 5 | Step 20/812 | Loss 0.3909 | LR 9.1282e-05
2026-03-08 01:22:44 INFO Epoch 5 | Step 40/812 | Loss 0.4052 | LR 9.1704e-05
2026-03-08 01:22:55 INFO Epoch 5 | Step 60/812 | Loss 0.4048 | LR 9.2117e-05
2026-03-08 01:23:06 INFO Epoch 5 | Step 80/812 | Loss 0.4089 | LR 9.2520e-05
2026-03-08 01:23:16 INFO Epoch 5 | Step 100/812 | Loss 0.4104 | LR 9.2914e-05
2026-03-08 01:23:27 INFO Epoch 5 | Step 120/812 | Loss 0.4117 | LR 9.3297e-05
2026-03-08 01:23:38 INFO Epoch 5 | Step 140/812 | Loss 0.4101 | LR 9.3671e-05
2026-03-08 01:23:48 INFO Epoch 5 | Step 160/812 | Loss 0.4099 | LR 9.4035e-05
2026-03-08 01:23:59 INFO Epoch 5 | Step 180/812 | Loss 0.4060 | LR 9.4388e-05
2026-03-08 01:24:10 INFO Epoch 5 | Step 200/812 | Loss 0.4060 | LR 9.4732e-05
2026-03-08 01:24:21 INFO Epoch 5 | Step 220/812 | Loss 0.4041 | LR 9.5065e-05
2026-03-08 01:24:31 INFO Epoch 5 | Step 240/812 | Loss 0.4056 | LR 9.5388e-05
2026-03-08 01:24:42 INFO Epoch 5 | Step 260/812 | Loss 0.4066 | LR 9.5701e-05
2026-03-08 01:24:53 INFO Epoch 5 | Step 280/812 | Loss 0.4063 | LR 9.6003e-05
2026-03-08 01:25:04 INFO Epoch 5 | Step 300/812 | Loss 0.4040 | LR 9.6295e-05
2026-03-08 01:25:14 INFO Epoch 5 | Step 320/812 | Loss 0.4055 | LR 9.6575e-05
2026-03-08 01:25:25 INFO Epoch 5 | Step 340/812 | Loss 0.4044 | LR 9.6846e-05
2026-03-08 01:25:36 INFO Epoch 5 | Step 360/812 | Loss 0.4041 | LR 9.7105e-05
2026-03-08 01:25:47 INFO Epoch 5 | Step 380/812 | Loss 0.4047 | LR 9.7354e-05
2026-03-08 01:25:57 INFO Epoch 5 | Step 400/812 | Loss 0.4056 | LR 9.7592e-05
2026-03-08 01:26:08 INFO Epoch 5 | Step 420/812 | Loss 0.4045 | LR 9.7819e-05
2026-03-08 01:26:19 INFO Epoch 5 | Step 440/812 | Loss 0.4053 | LR 9.8035e-05
2026-03-08 01:26:30 INFO Epoch 5 | Step 460/812 | Loss 0.4058 | LR 9.8240e-05
2026-03-08 01:26:40 INFO Epoch 5 | Step 480/812 | Loss 0.4043 | LR 9.8433e-05
2026-03-08 01:26:51 INFO Epoch 5 | Step 500/812 | Loss 0.4040 | LR 9.8616e-05
2026-03-08 01:27:02 INFO Epoch 5 | Step 520/812 | Loss 0.4047 | LR 9.8788e-05
2026-03-08 01:27:13 INFO Epoch 5 | Step 540/812 | Loss 0.4040 | LR 9.8948e-05
2026-03-08 01:27:24 INFO Epoch 5 | Step 560/812 | Loss 0.4030 | LR 9.9097e-05
2026-03-08 01:27:35 INFO Epoch 5 | Step 580/812 | Loss 0.4023 | LR 9.9235e-05
2026-03-08 01:27:45 INFO Epoch 5 | Step 600/812 | Loss 0.4037 | LR 9.9361e-05
2026-03-08 01:27:56 INFO Epoch 5 | Step 620/812 | Loss 0.4032 | LR 9.9476e-05
2026-03-08 01:28:07 INFO Epoch 5 | Step 640/812 | Loss 0.4029 | LR 9.9580e-05
2026-03-08 01:28:18 INFO Epoch 5 | Step 660/812 | Loss 0.4037 | LR 9.9673e-05
2026-03-08 01:28:28 INFO Epoch 5 | Step 680/812 | Loss 0.4036 | LR 9.9753e-05
2026-03-08 01:28:39 INFO Epoch 5 | Step 700/812 | Loss 0.4028 | LR 9.9823e-05
2026-03-08 01:28:50 INFO Epoch 5 | Step 720/812 | Loss 0.4029 | LR 9.9881e-05
2026-03-08 01:29:01 INFO Epoch 5 | Step 740/812 | Loss 0.4024 | LR 9.9928e-05
2026-03-08 01:29:12 INFO Epoch 5 | Step 760/812 | Loss 0.4029 | LR 9.9963e-05
2026-03-08 01:29:23 INFO Epoch 5 | Step 780/812 | Loss 0.4020 | LR 9.9986e-05
2026-03-08 01:29:33 INFO Epoch 5 | Step 800/812 | Loss 0.4022 | LR 9.9998e-05
2026-03-08 01:29:40 INFO Epoch 5 | Step 812/812 | Loss 0.4023 | LR 1.0000e-04
2026-03-08 01:34:13 INFO CSV Written | Epoch: 5
2026-03-08 01:34:14 INFO Best Saved | Epoch: 5 | Monitor: val_auprc | Value: 0.9179
2026-03-08 01:34:14 INFO Epoch Done | Epoch: 5 | Time: 713.4056 | Train Loss: 0.4023 | Val Accuracy: 0.8404 | Val AUPRC: 0.9179 | Val Auroc: 0.9212 | Val F1: 0.8408 | Val Loss: 0.4073
2026-03-08 01:34:14 INFO Epoch Start | Epoch: 6
2026-03-08 01:34:34 INFO Epoch 6 | Step 1/108 | Loss 0.9887 | LR 1.0000e-04
2026-03-08 01:35:06 INFO Epoch 6 | Step 20/108 | Loss 0.6711 | LR 1.0000e-04
2026-03-08 01:35:38 INFO Epoch 6 | Step 40/108 | Loss 0.6386 | LR 1.0000e-04
2026-03-08 01:36:11 INFO Epoch 6 | Step 60/108 | Loss 0.6261 | LR 9.9999e-05
2026-03-08 01:36:42 INFO Epoch 6 | Step 80/108 | Loss 0.6187 | LR 9.9999e-05
2026-03-08 01:37:15 INFO Epoch 6 | Step 100/108 | Loss 0.6115 | LR 9.9998e-05
2026-03-08 01:37:27 INFO Epoch 6 | Step 108/108 | Loss 0.6082 | LR 9.9998e-05
2026-03-08 01:41:47 INFO CSV Written | Epoch: 6
2026-03-08 01:41:47 INFO Best Saved | Epoch: 6 | Monitor: val_auprc | Value: 0.9260
2026-03-08 01:41:47 INFO Epoch Done | Epoch: 6 | Time: 452.8431 | Train Loss: 0.6082 | Val Accuracy: 0.7560 | Val AUPRC: 0.9260 | Val Auroc: 0.9261 | Val F1: 0.6889 | Val Loss: 0.5160
2026-03-08 01:41:47 INFO Epoch Start | Epoch: 7
2026-03-08 01:42:01 INFO Epoch 7 | Step 1/108 | Loss 0.4814 | LR 9.9998e-05
2026-03-08 01:42:33 INFO Epoch 7 | Step 20/108 | Loss 0.5726 | LR 9.9997e-05
2026-03-08 01:43:05 INFO Epoch 7 | Step 40/108 | Loss 0.5683 | LR 9.9996e-05
2026-03-08 01:43:36 INFO Epoch 7 | Step 60/108 | Loss 0.5697 | LR 9.9995e-05
2026-03-08 01:44:08 INFO Epoch 7 | Step 80/108 | Loss 0.5765 | LR 9.9993e-05
2026-03-08 01:44:40 INFO Epoch 7 | Step 100/108 | Loss 0.5748 | LR 9.9992e-05
2026-03-08 01:44:52 INFO Epoch 7 | Step 108/108 | Loss 0.5775 | LR 9.9991e-05
2026-03-08 01:49:14 INFO CSV Written | Epoch: 7
2026-03-08 01:49:14 INFO Epoch Done | Epoch: 7 | Time: 446.7657 | Train Loss: 0.5775 | Val Accuracy: 0.7941 | Val AUPRC: 0.9258 | Val Auroc: 0.9257 | Val F1: 0.7548 | Val Loss: 0.4832
2026-03-08 01:49:14 INFO Epoch Start | Epoch: 8
2026-03-08 01:49:29 INFO Epoch 8 | Step 1/108 | Loss 0.7204 | LR 9.9991e-05
2026-03-08 01:49:59 INFO Epoch 8 | Step 20/108 | Loss 0.5546 | LR 9.9990e-05
2026-03-08 01:50:31 INFO Epoch 8 | Step 40/108 | Loss 0.5755 | LR 9.9988e-05
2026-03-08 01:51:03 INFO Epoch 8 | Step 60/108 | Loss 0.5661 | LR 9.9986e-05
2026-03-08 01:51:34 INFO Epoch 8 | Step 80/108 | Loss 0.5652 | LR 9.9984e-05
2026-03-08 01:52:06 INFO Epoch 8 | Step 100/108 | Loss 0.5649 | LR 9.9981e-05
2026-03-08 01:52:18 INFO Epoch 8 | Step 108/108 | Loss 0.5679 | LR 9.9980e-05
2026-03-08 01:56:40 INFO CSV Written | Epoch: 8
2026-03-08 01:56:40 INFO Epoch Done | Epoch: 8 | Time: 446.0347 | Train Loss: 0.5679 | Val Accuracy: 0.7541 | Val AUPRC: 0.9239 | Val Auroc: 0.9235 | Val F1: 0.6847 | Val Loss: 0.5293
2026-03-08 01:56:40 INFO Epoch Start | Epoch: 9
2026-03-08 01:56:54 INFO Epoch 9 | Step 1/108 | Loss 0.5136 | LR 9.9980e-05
2026-03-08 01:57:24 INFO Epoch 9 | Step 20/108 | Loss 0.5381 | LR 9.9978e-05
2026-03-08 01:57:55 INFO Epoch 9 | Step 40/108 | Loss 0.5710 | LR 9.9975e-05
2026-03-08 01:58:27 INFO Epoch 9 | Step 60/108 | Loss 0.5596 | LR 9.9973e-05
2026-03-08 01:59:00 INFO Epoch 9 | Step 80/108 | Loss 0.5609 | LR 9.9970e-05
2026-03-08 01:59:31 INFO Epoch 9 | Step 100/108 | Loss 0.5563 | LR 9.9967e-05
2026-03-08 01:59:44 INFO Epoch 9 | Step 108/108 | Loss 0.5573 | LR 9.9965e-05
2026-03-08 02:04:04 INFO CSV Written | Epoch: 9
2026-03-08 02:04:04 INFO Epoch Done | Epoch: 9 | Time: 444.7379 | Train Loss: 0.5573 | Val Accuracy: 0.7865 | Val AUPRC: 0.9255 | Val Auroc: 0.9244 | Val F1: 0.7422 | Val Loss: 0.4915
2026-03-08 02:04:04 INFO Epoch Start | Epoch: 10
2026-03-08 02:04:17 INFO Epoch 10 | Step 1/108 | Loss 0.5065 | LR 9.9965e-05
2026-03-08 02:04:47 INFO Epoch 10 | Step 20/108 | Loss 0.5246 | LR 9.9962e-05
2026-03-08 02:05:19 INFO Epoch 10 | Step 40/108 | Loss 0.5418 | LR 9.9959e-05
2026-03-08 02:05:50 INFO Epoch 10 | Step 60/108 | Loss 0.5439 | LR 9.9955e-05
2026-03-08 02:06:22 INFO Epoch 10 | Step 80/108 | Loss 0.5501 | LR 9.9951e-05
2026-03-08 02:06:54 INFO Epoch 10 | Step 100/108 | Loss 0.5515 | LR 9.9948e-05
2026-03-08 02:07:06 INFO Epoch 10 | Step 108/108 | Loss 0.5483 | LR 9.9946e-05
2026-03-08 02:11:26 INFO CSV Written | Epoch: 10
2026-03-08 02:11:26 INFO Epoch Done | Epoch: 10 | Time: 441.9449 | Train Loss: 0.5483 | Val Accuracy: 0.7761 | Val AUPRC: 0.9257 | Val Auroc: 0.9256 | Val F1: 0.7244 | Val Loss: 0.5098
2026-03-08 02:11:26 INFO Epoch Start | Epoch: 11
2026-03-08 02:11:41 INFO Epoch 11 | Step 1/108 | Loss 0.5240 | LR 9.9946e-05
2026-03-08 02:12:11 INFO Epoch 11 | Step 20/108 | Loss 0.5116 | LR 9.9942e-05
2026-03-08 02:12:43 INFO Epoch 11 | Step 40/108 | Loss 0.5090 | LR 9.9938e-05
2026-03-08 02:13:15 INFO Epoch 11 | Step 60/108 | Loss 0.5188 | LR 9.9933e-05
2026-03-08 02:13:47 INFO Epoch 11 | Step 80/108 | Loss 0.5279 | LR 9.9929e-05
2026-03-08 02:14:18 INFO Epoch 11 | Step 100/108 | Loss 0.5286 | LR 9.9924e-05
2026-03-08 02:14:30 INFO Epoch 11 | Step 108/108 | Loss 0.5289 | LR 9.9922e-05
2026-03-08 02:18:51 INFO CSV Written | Epoch: 11
2026-03-08 02:18:51 INFO Epoch Done | Epoch: 11 | Time: 444.8321 | Train Loss: 0.5289 | Val Accuracy: 0.7769 | Val AUPRC: 0.9241 | Val Auroc: 0.9247 | Val F1: 0.7258 | Val Loss: 0.5031
2026-03-08 02:18:51 INFO Epoch Start | Epoch: 12
2026-03-08 02:19:05 INFO Epoch 12 | Step 1/108 | Loss 0.4263 | LR 9.9922e-05
2026-03-08 02:19:35 INFO Epoch 12 | Step 20/108 | Loss 0.5018 | LR 9.9917e-05
2026-03-08 02:20:06 INFO Epoch 12 | Step 40/108 | Loss 0.5051 | LR 9.9912e-05
2026-03-08 02:20:38 INFO Epoch 12 | Step 60/108 | Loss 0.5142 | LR 9.9907e-05
2026-03-08 02:21:10 INFO Epoch 12 | Step 80/108 | Loss 0.5259 | LR 9.9902e-05
2026-03-08 02:21:42 INFO Epoch 12 | Step 100/108 | Loss 0.5246 | LR 9.9896e-05
2026-03-08 02:21:54 INFO Epoch 12 | Step 108/108 | Loss 0.5229 | LR 9.9894e-05
2026-03-08 02:26:15 INFO CSV Written | Epoch: 12
2026-03-08 02:26:16 INFO Best Saved | Epoch: 12 | Monitor: val_auprc | Value: 0.9292
2026-03-08 02:26:16 INFO Epoch Done | Epoch: 12 | Time: 444.1152 | Train Loss: 0.5229 | Val Accuracy: 0.7967 | Val AUPRC: 0.9292 | Val Auroc: 0.9286 | Val F1: 0.7584 | Val Loss: 0.4828
2026-03-08 02:26:16 INFO Epoch Start | Epoch: 13
2026-03-08 02:26:27 INFO Epoch 13 | Step 1/108 | Loss 0.5082 | LR 9.9894e-05
2026-03-08 02:26:57 INFO Epoch 13 | Step 20/108 | Loss 0.4849 | LR 9.9888e-05
2026-03-08 02:27:28 INFO Epoch 13 | Step 40/108 | Loss 0.5048 | LR 9.9883e-05
2026-03-08 02:28:00 INFO Epoch 13 | Step 60/108 | Loss 0.5151 | LR 9.9877e-05
2026-03-08 02:28:32 INFO Epoch 13 | Step 80/108 | Loss 0.5176 | LR 9.9871e-05
2026-03-08 02:29:03 INFO Epoch 13 | Step 100/108 | Loss 0.5133 | LR 9.9864e-05
2026-03-08 02:29:16 INFO Epoch 13 | Step 108/108 | Loss 0.5164 | LR 9.9862e-05
2026-03-08 02:33:36 INFO CSV Written | Epoch: 13
2026-03-08 02:33:36 INFO Epoch Done | Epoch: 13 | Time: 440.5455 | Train Loss: 0.5164 | Val Accuracy: 0.7818 | Val AUPRC: 0.9242 | Val Auroc: 0.9248 | Val F1: 0.7336 | Val Loss: 0.5115
2026-03-08 02:33:36 INFO Epoch Start | Epoch: 14
2026-03-08 02:33:50 INFO Epoch 14 | Step 1/108 | Loss 0.6321 | LR 9.9861e-05
2026-03-08 02:34:20 INFO Epoch 14 | Step 20/108 | Loss 0.4903 | LR 9.9855e-05
2026-03-08 02:34:52 INFO Epoch 14 | Step 40/108 | Loss 0.4984 | LR 9.9849e-05
2026-03-08 02:35:24 INFO Epoch 14 | Step 60/108 | Loss 0.5035 | LR 9.9842e-05
2026-03-08 02:35:55 INFO Epoch 14 | Step 80/108 | Loss 0.5017 | LR 9.9835e-05
2026-03-08 02:36:27 INFO Epoch 14 | Step 100/108 | Loss 0.5054 | LR 9.9828e-05
2026-03-08 02:36:39 INFO Epoch 14 | Step 108/108 | Loss 0.5052 | LR 9.9825e-05
2026-03-08 02:41:00 INFO CSV Written | Epoch: 14
2026-03-08 02:41:00 INFO Epoch Done | Epoch: 14 | Time: 443.7517 | Train Loss: 0.5052 | Val Accuracy: 0.7884 | Val AUPRC: 0.9267 | Val Auroc: 0.9269 | Val F1: 0.7434 | Val Loss: 0.5025
2026-03-08 02:41:00 INFO Epoch Start | Epoch: 15
2026-03-08 02:41:13 INFO Epoch 15 | Step 1/108 | Loss 0.3826 | LR 9.9825e-05
2026-03-08 02:41:43 INFO Epoch 15 | Step 20/108 | Loss 0.4528 | LR 9.9818e-05
2026-03-08 02:42:15 INFO Epoch 15 | Step 40/108 | Loss 0.4773 | LR 9.9810e-05
2026-03-08 02:42:46 INFO Epoch 15 | Step 60/108 | Loss 0.4778 | LR 9.9803e-05
2026-03-08 02:43:18 INFO Epoch 15 | Step 80/108 | Loss 0.4853 | LR 9.9795e-05
2026-03-08 02:43:49 INFO Epoch 15 | Step 100/108 | Loss 0.4866 | LR 9.9787e-05
2026-03-08 02:44:01 INFO Epoch 15 | Step 108/108 | Loss 0.4922 | LR 9.9784e-05
2026-03-08 02:48:22 INFO CSV Written | Epoch: 15
2026-03-08 02:48:22 INFO Epoch Done | Epoch: 15 | Time: 441.9396 | Train Loss: 0.4922 | Val Accuracy: 0.7967 | Val AUPRC: 0.9266 | Val Auroc: 0.9278 | Val F1: 0.7575 | Val Loss: 0.4825
2026-03-08 02:48:22 INFO Epoch Start | Epoch: 16
2026-03-08 02:48:34 INFO Epoch 16 | Step 1/108 | Loss 0.3687 | LR 9.9784e-05
2026-03-08 02:49:04 INFO Epoch 16 | Step 20/108 | Loss 0.4835 | LR 9.9776e-05
2026-03-08 02:49:36 INFO Epoch 16 | Step 40/108 | Loss 0.4764 | LR 9.9768e-05
2026-03-08 02:50:08 INFO Epoch 16 | Step 60/108 | Loss 0.4752 | LR 9.9760e-05
2026-03-08 02:50:39 INFO Epoch 16 | Step 80/108 | Loss 0.4931 | LR 9.9751e-05
2026-03-08 02:51:11 INFO Epoch 16 | Step 100/108 | Loss 0.4918 | LR 9.9742e-05
2026-03-08 02:51:23 INFO Epoch 16 | Step 108/108 | Loss 0.4956 | LR 9.9739e-05
2026-03-08 02:55:44 INFO CSV Written | Epoch: 16
2026-03-08 02:55:44 INFO Epoch Done | Epoch: 16 | Time: 442.0747 | Train Loss: 0.4956 | Val Accuracy: 0.8105 | Val AUPRC: 0.9258 | Val Auroc: 0.9272 | Val F1: 0.7804 | Val Loss: 0.4661
2026-03-08 02:55:44 INFO Epoch Start | Epoch: 17
2026-03-08 02:55:56 INFO Epoch 17 | Step 1/108 | Loss 0.5908 | LR 9.9739e-05
2026-03-08 02:56:26 INFO Epoch 17 | Step 20/108 | Loss 0.4668 | LR 9.9730e-05
2026-03-08 02:56:58 INFO Epoch 17 | Step 40/108 | Loss 0.4618 | LR 9.9721e-05
2026-03-08 02:57:30 INFO Epoch 17 | Step 60/108 | Loss 0.4693 | LR 9.9712e-05
2026-03-08 02:58:01 INFO Epoch 17 | Step 80/108 | Loss 0.4785 | LR 9.9703e-05
2026-03-08 02:58:33 INFO Epoch 17 | Step 100/108 | Loss 0.4794 | LR 9.9693e-05
2026-03-08 02:58:46 INFO Epoch 17 | Step 108/108 | Loss 0.4765 | LR 9.9689e-05
2026-03-08 03:03:05 INFO CSV Written | Epoch: 17
2026-03-08 03:03:06 INFO Best Saved | Epoch: 17 | Monitor: val_auprc | Value: 0.9309
2026-03-08 03:03:06 INFO Epoch Done | Epoch: 17 | Time: 441.4998 | Train Loss: 0.4765 | Val Accuracy: 0.8075 | Val AUPRC: 0.9309 | Val Auroc: 0.9296 | Val F1: 0.7741 | Val Loss: 0.4786
2026-03-08 03:03:06 INFO Epoch Start | Epoch: 18
2026-03-08 03:03:20 INFO Epoch 18 | Step 1/108 | Loss 0.4320 | LR 9.9689e-05
2026-03-08 03:03:50 INFO Epoch 18 | Step 20/108 | Loss 0.4680 | LR 9.9680e-05
2026-03-08 03:04:22 INFO Epoch 18 | Step 40/108 | Loss 0.4604 | LR 9.9670e-05
2026-03-08 03:04:54 INFO Epoch 18 | Step 60/108 | Loss 0.4574 | LR 9.9660e-05
2026-03-08 03:05:26 INFO Epoch 18 | Step 80/108 | Loss 0.4614 | LR 9.9650e-05
2026-03-08 03:05:57 INFO Epoch 18 | Step 100/108 | Loss 0.4667 | LR 9.9640e-05
2026-03-08 03:06:09 INFO Epoch 18 | Step 108/108 | Loss 0.4678 | LR 9.9636e-05
2026-03-08 03:10:31 INFO CSV Written | Epoch: 18
2026-03-08 03:10:31 INFO Epoch Done | Epoch: 18 | Time: 444.8599 | Train Loss: 0.4678 | Val Accuracy: 0.7974 | Val AUPRC: 0.9239 | Val Auroc: 0.9257 | Val F1: 0.7607 | Val Loss: 0.4870
2026-03-08 03:10:31 INFO Epoch Start | Epoch: 19
2026-03-08 03:10:43 INFO Epoch 19 | Step 1/108 | Loss 0.3779 | LR 9.9635e-05
2026-03-08 03:11:13 INFO Epoch 19 | Step 20/108 | Loss 0.4914 | LR 9.9625e-05
2026-03-08 03:11:45 INFO Epoch 19 | Step 40/108 | Loss 0.4724 | LR 9.9615e-05
2026-03-08 03:12:17 INFO Epoch 19 | Step 60/108 | Loss 0.4687 | LR 9.9604e-05
2026-03-08 03:12:49 INFO Epoch 19 | Step 80/108 | Loss 0.4678 | LR 9.9593e-05
2026-03-08 03:13:20 INFO Epoch 19 | Step 100/108 | Loss 0.4696 | LR 9.9582e-05
2026-03-08 03:13:33 INFO Epoch 19 | Step 108/108 | Loss 0.4701 | LR 9.9578e-05
2026-03-08 03:17:54 INFO CSV Written | Epoch: 19
2026-03-08 03:17:54 INFO Epoch Done | Epoch: 19 | Time: 443.0766 | Train Loss: 0.4701 | Val Accuracy: 0.8257 | Val AUPRC: 0.9288 | Val Auroc: 0.9289 | Val F1: 0.8038 | Val Loss: 0.4509
2026-03-08 03:17:54 INFO Epoch Start | Epoch: 20
2026-03-08 03:18:09 INFO Epoch 20 | Step 1/108 | Loss 0.3126 | LR 9.9577e-05
2026-03-08 03:18:39 INFO Epoch 20 | Step 20/108 | Loss 0.4315 | LR 9.9566e-05
2026-03-08 03:19:11 INFO Epoch 20 | Step 40/108 | Loss 0.4276 | LR 9.9555e-05
2026-03-08 03:19:42 INFO Epoch 20 | Step 60/108 | Loss 0.4317 | LR 9.9543e-05
2026-03-08 03:20:14 INFO Epoch 20 | Step 80/108 | Loss 0.4412 | LR 9.9532e-05
2026-03-08 03:20:46 INFO Epoch 20 | Step 100/108 | Loss 0.4400 | LR 9.9520e-05
2026-03-08 03:20:58 INFO Epoch 20 | Step 108/108 | Loss 0.4450 | LR 9.9515e-05
2026-03-08 03:25:20 INFO CSV Written | Epoch: 20
2026-03-08 03:25:20 INFO Epoch Done | Epoch: 20 | Time: 446.2118 | Train Loss: 0.4450 | Val Accuracy: 0.7916 | Val AUPRC: 0.9285 | Val Auroc: 0.9284 | Val F1: 0.7490 | Val Loss: 0.5127
2026-03-08 03:25:20 INFO Epoch Start | Epoch: 21
2026-03-08 03:25:30 INFO Epoch 21 | Step 1/108 | Loss 0.2523 | LR 9.9515e-05
2026-03-08 03:26:01 INFO Epoch 21 | Step 20/108 | Loss 0.4184 | LR 9.9503e-05
2026-03-08 03:26:33 INFO Epoch 21 | Step 40/108 | Loss 0.4362 | LR 9.9491e-05
2026-03-08 03:27:05 INFO Epoch 21 | Step 60/108 | Loss 0.4454 | LR 9.9479e-05
2026-03-08 03:27:36 INFO Epoch 21 | Step 80/108 | Loss 0.4394 | LR 9.9466e-05
2026-03-08 03:28:07 INFO Epoch 21 | Step 100/108 | Loss 0.4443 | LR 9.9454e-05
2026-03-08 03:28:20 INFO Epoch 21 | Step 108/108 | Loss 0.4440 | LR 9.9449e-05
2026-03-08 03:32:40 INFO CSV Written | Epoch: 21
2026-03-08 03:32:40 INFO Epoch Done | Epoch: 21 | Time: 440.2302 | Train Loss: 0.4440 | Val Accuracy: 0.7790 | Val AUPRC: 0.9255 | Val Auroc: 0.9273 | Val F1: 0.7292 | Val Loss: 0.5296
2026-03-08 03:32:40 INFO Epoch Start | Epoch: 22
2026-03-08 03:32:51 INFO Epoch 22 | Step 1/108 | Loss 0.4018 | LR 9.9448e-05
2026-03-08 03:33:21 INFO Epoch 22 | Step 20/108 | Loss 0.4560 | LR 9.9436e-05
2026-03-08 03:33:53 INFO Epoch 22 | Step 40/108 | Loss 0.4599 | LR 9.9423e-05
2026-03-08 03:34:24 INFO Epoch 22 | Step 60/108 | Loss 0.4564 | LR 9.9410e-05
2026-03-08 03:34:56 INFO Epoch 22 | Step 80/108 | Loss 0.4570 | LR 9.9396e-05
2026-03-08 03:35:27 INFO Epoch 22 | Step 100/108 | Loss 0.4555 | LR 9.9383e-05
2026-03-08 03:35:39 INFO Epoch 22 | Step 108/108 | Loss 0.4500 | LR 9.9378e-05
2026-03-08 03:40:00 INFO CSV Written | Epoch: 22
2026-03-08 03:40:00 INFO Epoch Done | Epoch: 22 | Time: 439.4945 | Train Loss: 0.4500 | Val Accuracy: 0.8251 | Val AUPRC: 0.9292 | Val Auroc: 0.9299 | Val F1: 0.8022 | Val Loss: 0.4486
2026-03-08 03:40:00 INFO Epoch Start | Epoch: 23
2026-03-08 03:40:12 INFO Epoch 23 | Step 1/108 | Loss 0.3435 | LR 9.9377e-05
2026-03-08 03:40:43 INFO Epoch 23 | Step 20/108 | Loss 0.4160 | LR 9.9364e-05
2026-03-08 03:41:14 INFO Epoch 23 | Step 40/108 | Loss 0.4142 | LR 9.9350e-05
2026-03-08 03:41:46 INFO Epoch 23 | Step 60/108 | Loss 0.4254 | LR 9.9336e-05
2026-03-08 03:42:18 INFO Epoch 23 | Step 80/108 | Loss 0.4326 | LR 9.9322e-05
2026-03-08 03:42:49 INFO Epoch 23 | Step 100/108 | Loss 0.4386 | LR 9.9308e-05
2026-03-08 03:43:02 INFO Epoch 23 | Step 108/108 | Loss 0.4326 | LR 9.9303e-05
2026-03-08 03:47:22 INFO CSV Written | Epoch: 23
2026-03-08 03:47:22 INFO Epoch Done | Epoch: 23 | Time: 442.5366 | Train Loss: 0.4326 | Val Accuracy: 0.8087 | Val AUPRC: 0.9265 | Val Auroc: 0.9278 | Val F1: 0.7769 | Val Loss: 0.4891
2026-03-08 03:47:22 INFO Epoch Start | Epoch: 24
2026-03-08 03:47:35 INFO Epoch 24 | Step 1/108 | Loss 0.3013 | LR 9.9302e-05
2026-03-08 03:48:05 INFO Epoch 24 | Step 20/108 | Loss 0.3896 | LR 9.9288e-05
2026-03-08 03:48:37 INFO Epoch 24 | Step 40/108 | Loss 0.4088 | LR 9.9274e-05
2026-03-08 03:49:09 INFO Epoch 24 | Step 60/108 | Loss 0.4099 | LR 9.9259e-05
2026-03-08 03:49:41 INFO Epoch 24 | Step 80/108 | Loss 0.4135 | LR 9.9244e-05
2026-03-08 03:50:13 INFO Epoch 24 | Step 100/108 | Loss 0.4184 | LR 9.9229e-05
2026-03-08 03:50:25 INFO Epoch 24 | Step 108/108 | Loss 0.4229 | LR 9.9223e-05
2026-03-08 03:54:44 INFO CSV Written | Epoch: 24
2026-03-08 03:54:44 INFO Epoch Done | Epoch: 24 | Time: 442.3633 | Train Loss: 0.4229 | Val Accuracy: 0.8276 | Val AUPRC: 0.9264 | Val Auroc: 0.9270 | Val F1: 0.8065 | Val Loss: 0.4420
2026-03-08 03:54:44 INFO Epoch Start | Epoch: 25
2026-03-08 03:54:57 INFO Epoch 25 | Step 1/108 | Loss 0.5266 | LR 9.9222e-05
2026-03-08 03:55:27 INFO Epoch 25 | Step 20/108 | Loss 0.4172 | LR 9.9208e-05
2026-03-08 03:55:59 INFO Epoch 25 | Step 40/108 | Loss 0.4159 | LR 9.9193e-05
2026-03-08 03:56:30 INFO Epoch 25 | Step 60/108 | Loss 0.4061 | LR 9.9177e-05
2026-03-08 03:57:02 INFO Epoch 25 | Step 80/108 | Loss 0.4103 | LR 9.9162e-05
2026-03-08 03:57:34 INFO Epoch 25 | Step 100/108 | Loss 0.4148 | LR 9.9146e-05
2026-03-08 03:57:46 INFO Epoch 25 | Step 108/108 | Loss 0.4150 | LR 9.9139e-05
2026-03-08 04:02:07 INFO CSV Written | Epoch: 25
2026-03-08 04:02:07 INFO Epoch Done | Epoch: 25 | Time: 442.2545 | Train Loss: 0.4150 | Val Accuracy: 0.8165 | Val AUPRC: 0.9296 | Val Auroc: 0.9307 | Val F1: 0.7881 | Val Loss: 0.4688
2026-03-08 04:02:07 INFO Epoch Start | Epoch: 26
2026-03-08 04:02:21 INFO Epoch 26 | Step 1/108 | Loss 0.3545 | LR 9.9139e-05
2026-03-08 04:02:51 INFO Epoch 26 | Step 20/108 | Loss 0.3750 | LR 9.9124e-05
2026-03-08 04:03:23 INFO Epoch 26 | Step 40/108 | Loss 0.3830 | LR 9.9107e-05
2026-03-08 04:03:54 INFO Epoch 26 | Step 60/108 | Loss 0.4032 | LR 9.9091e-05
2026-03-08 04:04:26 INFO Epoch 26 | Step 80/108 | Loss 0.4009 | LR 9.9075e-05
2026-03-08 04:04:57 INFO Epoch 26 | Step 100/108 | Loss 0.4035 | LR 9.9058e-05
2026-03-08 04:05:10 INFO Epoch 26 | Step 108/108 | Loss 0.4038 | LR 9.9052e-05
2026-03-08 04:09:31 INFO CSV Written | Epoch: 26
2026-03-08 04:09:31 INFO Epoch Done | Epoch: 26 | Time: 444.0564 | Train Loss: 0.4038 | Val Accuracy: 0.8311 | Val AUPRC: 0.9270 | Val Auroc: 0.9292 | Val F1: 0.8107 | Val Loss: 0.4574
2026-03-08 04:09:31 INFO Epoch Start | Epoch: 27
2026-03-08 04:09:42 INFO Epoch 27 | Step 1/108 | Loss 0.5114 | LR 9.9051e-05
2026-03-08 04:10:12 INFO Epoch 27 | Step 20/108 | Loss 0.3998 | LR 9.9035e-05
2026-03-08 04:10:44 INFO Epoch 27 | Step 40/108 | Loss 0.3873 | LR 9.9018e-05
2026-03-08 04:11:16 INFO Epoch 27 | Step 60/108 | Loss 0.3842 | LR 9.9001e-05
2026-03-08 04:11:47 INFO Epoch 27 | Step 80/108 | Loss 0.3968 | LR 9.8984e-05
2026-03-08 04:12:19 INFO Epoch 27 | Step 100/108 | Loss 0.4001 | LR 9.8966e-05
2026-03-08 04:12:32 INFO Epoch 27 | Step 108/108 | Loss 0.3973 | LR 9.8959e-05
2026-03-08 04:16:51 INFO CSV Written | Epoch: 27
2026-03-08 04:16:51 INFO Epoch Done | Epoch: 27 | Time: 440.5423 | Train Loss: 0.3973 | Val Accuracy: 0.8205 | Val AUPRC: 0.9224 | Val Auroc: 0.9266 | Val F1: 0.7948 | Val Loss: 0.4816
2026-03-08 04:16:51 INFO Early Stop | Epoch: 27
2026-03-08 04:16:51 INFO Stage Done | Run Id: 20260308_002906
2026-03-08 04:16:54 INFO End Training
2026-03-08 04:16:54 INFO Begin Adaptation
2026-03-08 04:16:54 INFO Stage Start | Checkpoint: models/v3/train/20260308_002906/best_model.pth | Method: shot | Run Id: 20260308_002906
2026-03-08 04:16:54 INFO Checkpoint Loaded | Path: models/v3/train/20260308_002906/best_model.pth
2026-03-08 04:16:54 INFO Adapt Config | Beta: 0.3000 | Epochs: 15 | Target Split: test | Trainable Params: 26011136
[rank1]: Traceback (most recent call last):
[rank1]:   File "/public/home/wangar2023/.conda/envs/esm/lib/python3.10/runpy.py", line 196, in _run_module_as_main
[rank1]:     return _run_code(code, main_globals, None,
[rank1]:   File "/public/home/wangar2023/.conda/envs/esm/lib/python3.10/runpy.py", line 86, in _run_code
[rank1]:     exec(code, run_globals)
[rank1]:   File "/public/home/wangar2023/relic/src/run/__main__.py", line 8, in <module>
[rank1]:     main()
[rank1]:   File "/public/home/wangar2023/relic/src/run/__init__.py", line 58, in main
[rank1]:     execute_pipeline(config=config)
[rank1]:   File "/public/home/wangar2023/relic/src/run/__init__.py", line 38, in execute_pipeline
[rank1]:     _execute_pipeline_impl(
[rank1]:   File "/public/home/wangar2023/relic/src/run/pipeline_orchestrator.py", line 274, in execute_pipeline
[rank1]:     adapt_checkpoint_path = run_adaptation_stage_fn(
[rank1]:   File "/public/home/wangar2023/relic/src/run/stage_adapt.py", line 483, in run_shot_adaptation_stage
[rank1]:     centroids = _compute_global_centroids(
[rank1]:   File "/public/home/wangar2023/relic/src/run/stage_adapt.py", line 242, in _compute_global_centroids
[rank1]:     batch_feature_sums = probs.transpose(0, 1) @ features
[rank1]: RuntimeError: expected mat1 and mat2 to have the same dtype, but got: c10::Half != float
[rank3]: Traceback (most recent call last):
[rank3]:   File "/public/home/wangar2023/.conda/envs/esm/lib/python3.10/runpy.py", line 196, in _run_module_as_main
[rank3]:     return _run_code(code, main_globals, None,
[rank3]:   File "/public/home/wangar2023/.conda/envs/esm/lib/python3.10/runpy.py", line 86, in _run_code
[rank3]:     exec(code, run_globals)
[rank3]:   File "/public/home/wangar2023/relic/src/run/__main__.py", line 8, in <module>
[rank3]:     main()
[rank3]:   File "/public/home/wangar2023/relic/src/run/__init__.py", line 58, in main
[rank3]:     execute_pipeline(config=config)
[rank3]:   File "/public/home/wangar2023/relic/src/run/__init__.py", line 38, in execute_pipeline
[rank3]:     _execute_pipeline_impl(
[rank3]:   File "/public/home/wangar2023/relic/src/run/pipeline_orchestrator.py", line 274, in execute_pipeline
[rank3]:     adapt_checkpoint_path = run_adaptation_stage_fn(
[rank3]:   File "/public/home/wangar2023/relic/src/run/stage_adapt.py", line 483, in run_shot_adaptation_stage
[rank3]:     centroids = _compute_global_centroids(
[rank3]:   File "/public/home/wangar2023/relic/src/run/stage_adapt.py", line 242, in _compute_global_centroids
[rank3]:     batch_feature_sums = probs.transpose(0, 1) @ features
[rank3]: RuntimeError: expected mat1 and mat2 to have the same dtype, but got: c10::Half != float
[rank0]: Traceback (most recent call last):
[rank0]:   File "/public/home/wangar2023/.conda/envs/esm/lib/python3.10/runpy.py", line 196, in _run_module_as_main
[rank0]:     return _run_code(code, main_globals, None,
[rank0]:   File "/public/home/wangar2023/.conda/envs/esm/lib/python3.10/runpy.py", line 86, in _run_code
[rank0]:     exec(code, run_globals)
[rank0]:   File "/public/home/wangar2023/relic/src/run/__main__.py", line 8, in <module>
[rank0]:     main()
[rank0]:   File "/public/home/wangar2023/relic/src/run/__init__.py", line 58, in main
[rank0]:     execute_pipeline(config=config)
[rank0]:   File "/public/home/wangar2023/relic/src/run/__init__.py", line 38, in execute_pipeline
[rank0]:     _execute_pipeline_impl(
[rank0]:   File "/public/home/wangar2023/relic/src/run/pipeline_orchestrator.py", line 274, in execute_pipeline
[rank0]:     adapt_checkpoint_path = run_adaptation_stage_fn(
[rank0]:   File "/public/home/wangar2023/relic/src/run/stage_adapt.py", line 483, in run_shot_adaptation_stage
[rank0]:     centroids = _compute_global_centroids(
[rank0]:   File "/public/home/wangar2023/relic/src/run/stage_adapt.py", line 242, in _compute_global_centroids
[rank0]:     batch_feature_sums = probs.transpose(0, 1) @ features
[rank0]: RuntimeError: expected mat1 and mat2 to have the same dtype, but got: c10::Half != float
[rank2]: Traceback (most recent call last):
[rank2]:   File "/public/home/wangar2023/.conda/envs/esm/lib/python3.10/runpy.py", line 196, in _run_module_as_main
[rank2]:     return _run_code(code, main_globals, None,
[rank2]:   File "/public/home/wangar2023/.conda/envs/esm/lib/python3.10/runpy.py", line 86, in _run_code
[rank2]:     exec(code, run_globals)
[rank2]:   File "/public/home/wangar2023/relic/src/run/__main__.py", line 8, in <module>
[rank2]:     main()
[rank2]:   File "/public/home/wangar2023/relic/src/run/__init__.py", line 58, in main
[rank2]:     execute_pipeline(config=config)
[rank2]:   File "/public/home/wangar2023/relic/src/run/__init__.py", line 38, in execute_pipeline
[rank2]:     _execute_pipeline_impl(
[rank2]:   File "/public/home/wangar2023/relic/src/run/pipeline_orchestrator.py", line 274, in execute_pipeline
[rank2]:     adapt_checkpoint_path = run_adaptation_stage_fn(
[rank2]:   File "/public/home/wangar2023/relic/src/run/stage_adapt.py", line 483, in run_shot_adaptation_stage
[rank2]:     centroids = _compute_global_centroids(
[rank2]:   File "/public/home/wangar2023/relic/src/run/stage_adapt.py", line 242, in _compute_global_centroids
[rank2]:     batch_feature_sums = probs.transpose(0, 1) @ features
[rank2]: RuntimeError: expected mat1 and mat2 to have the same dtype, but got: c10::Half != float
W0308 04:17:07.177000 142686 site-packages/torch/distributed/elastic/multiprocessing/api.py:900] Sending process 143197 closing signal SIGTERM
W0308 04:17:07.179000 142686 site-packages/torch/distributed/elastic/multiprocessing/api.py:900] Sending process 143198 closing signal SIGTERM
W0308 04:17:07.180000 142686 site-packages/torch/distributed/elastic/multiprocessing/api.py:900] Sending process 143199 closing signal SIGTERM
E0308 04:17:14.668000 142686 site-packages/torch/distributed/elastic/multiprocessing/api.py:874] failed (exitcode: 1) local_rank: 3 (pid: 143200) of binary: /public/home/wangar2023/.conda/envs/esm/bin/python3.1
Traceback (most recent call last):
  File "/public/home/wangar2023/.conda/envs/esm/bin/torchrun", line 7, in <module>
    sys.exit(main())
  File "/public/home/wangar2023/.conda/envs/esm/lib/python3.10/site-packages/torch/distributed/elastic/multiprocessing/errors/__init__.py", line 357, in wrapper
    return f(*args, **kwargs)
  File "/public/home/wangar2023/.conda/envs/esm/lib/python3.10/site-packages/torch/distributed/run.py", line 901, in main
    run(args)
  File "/public/home/wangar2023/.conda/envs/esm/lib/python3.10/site-packages/torch/distributed/run.py", line 892, in run
    elastic_launch(
  File "/public/home/wangar2023/.conda/envs/esm/lib/python3.10/site-packages/torch/distributed/launcher/api.py", line 143, in __call__
    return launch_agent(self._config, self._entrypoint, list(args))
  File "/public/home/wangar2023/.conda/envs/esm/lib/python3.10/site-packages/torch/distributed/launcher/api.py", line 277, in launch_agent
    raise ChildFailedError(
torch.distributed.elastic.multiprocessing.errors.ChildFailedError: 
============================================================
src.run FAILED
------------------------------------------------------------
Failures:
  <NO_OTHER_FAILURES>
------------------------------------------------------------
Root Cause (first observed failure):
[0]:
  time      : 2026-03-08_04:17:07
  host      : ai_gpu11
  rank      : 3 (local_rank: 3)
  exitcode  : 1 (pid: 143200)
  error_file: <N/A>
  traceback : To enable traceback see: https://pytorch.org/docs/stable/elastic/errors.html
============================================================
